mode: set
macaiki/internal/driver/mysql.go:18.69,28.23 3 0
macaiki/internal/driver/mysql.go:28.23,30.17 2 0
macaiki/internal/driver/mysql.go:33.3,33.23 1 0
macaiki/internal/driver/mysql.go:30.17,32.4 1 0
macaiki/internal/driver/mysql.go:37.36,56.2 1 0
macaiki/internal/thread/delivery/http/thread_handler.go:21.59,33.24 10 0
macaiki/internal/thread/delivery/http/thread_handler.go:55.2,55.16 1 0
macaiki/internal/thread/delivery/http/thread_handler.go:60.2,60.41 1 0
macaiki/internal/thread/delivery/http/thread_handler.go:33.24,34.18 1 0
macaiki/internal/thread/delivery/http/thread_handler.go:34.18,36.18 2 0
macaiki/internal/thread/delivery/http/thread_handler.go:40.4,40.63 1 0
macaiki/internal/thread/delivery/http/thread_handler.go:36.18,39.5 2 0
macaiki/internal/thread/delivery/http/thread_handler.go:42.9,44.4 1 0
macaiki/internal/thread/delivery/http/thread_handler.go:45.8,45.32 1 0
macaiki/internal/thread/delivery/http/thread_handler.go:45.32,47.3 1 0
macaiki/internal/thread/delivery/http/thread_handler.go:47.8,47.29 1 0
macaiki/internal/thread/delivery/http/thread_handler.go:47.29,49.3 1 0
macaiki/internal/thread/delivery/http/thread_handler.go:49.8,49.28 1 0
macaiki/internal/thread/delivery/http/thread_handler.go:49.28,51.3 1 0
macaiki/internal/thread/delivery/http/thread_handler.go:51.8,53.3 1 0
macaiki/internal/thread/delivery/http/thread_handler.go:55.16,58.3 2 0
macaiki/internal/thread/delivery/http/thread_handler.go:63.62,66.16 3 0
macaiki/internal/thread/delivery/http/thread_handler.go:70.2,72.16 3 0
macaiki/internal/thread/delivery/http/thread_handler.go:77.2,77.41 1 0
macaiki/internal/thread/delivery/http/thread_handler.go:66.16,69.3 2 0
macaiki/internal/thread/delivery/http/thread_handler.go:72.16,75.3 2 0
macaiki/internal/thread/delivery/http/thread_handler.go:80.61,84.39 3 0
macaiki/internal/thread/delivery/http/thread_handler.go:89.2,90.16 2 0
macaiki/internal/thread/delivery/http/thread_handler.go:95.2,95.41 1 0
macaiki/internal/thread/delivery/http/thread_handler.go:84.39,87.3 2 0
macaiki/internal/thread/delivery/http/thread_handler.go:90.16,93.3 2 0
macaiki/internal/thread/delivery/http/thread_handler.go:98.63,103.16 4 0
macaiki/internal/thread/delivery/http/thread_handler.go:107.2,109.16 3 0
macaiki/internal/thread/delivery/http/thread_handler.go:114.2,115.16 2 0
macaiki/internal/thread/delivery/http/thread_handler.go:120.2,120.41 1 0
macaiki/internal/thread/delivery/http/thread_handler.go:103.16,106.3 2 0
macaiki/internal/thread/delivery/http/thread_handler.go:109.16,112.3 2 0
macaiki/internal/thread/delivery/http/thread_handler.go:115.16,118.3 2 0
macaiki/internal/thread/delivery/http/thread_handler.go:123.61,128.16 4 0
macaiki/internal/thread/delivery/http/thread_handler.go:132.2,133.77 2 0
macaiki/internal/thread/delivery/http/thread_handler.go:137.2,137.41 1 0
macaiki/internal/thread/delivery/http/thread_handler.go:128.16,131.3 2 0
macaiki/internal/thread/delivery/http/thread_handler.go:133.77,136.3 1 0
macaiki/internal/thread/delivery/http/thread_handler.go:140.61,145.16 4 0
macaiki/internal/thread/delivery/http/thread_handler.go:149.2,152.39 3 0
macaiki/internal/thread/delivery/http/thread_handler.go:157.2,158.16 2 0
macaiki/internal/thread/delivery/http/thread_handler.go:162.2,162.41 1 0
macaiki/internal/thread/delivery/http/thread_handler.go:145.16,148.3 2 0
macaiki/internal/thread/delivery/http/thread_handler.go:152.39,155.3 2 0
macaiki/internal/thread/delivery/http/thread_handler.go:158.16,161.3 2 0
macaiki/internal/thread/delivery/http/thread_handler.go:165.61,170.16 4 0
macaiki/internal/thread/delivery/http/thread_handler.go:174.2,177.16 3 0
macaiki/internal/thread/delivery/http/thread_handler.go:181.2,181.41 1 0
macaiki/internal/thread/delivery/http/thread_handler.go:170.16,173.3 2 0
macaiki/internal/thread/delivery/http/thread_handler.go:177.16,180.3 2 0
macaiki/internal/thread/delivery/http/thread_handler.go:184.65,187.16 3 0
macaiki/internal/thread/delivery/http/thread_handler.go:191.2,194.40 4 0
macaiki/internal/thread/delivery/http/thread_handler.go:199.2,203.16 4 0
macaiki/internal/thread/delivery/http/thread_handler.go:207.2,207.41 1 0
macaiki/internal/thread/delivery/http/thread_handler.go:187.16,190.3 2 0
macaiki/internal/thread/delivery/http/thread_handler.go:194.40,197.3 2 0
macaiki/internal/thread/delivery/http/thread_handler.go:203.16,206.3 2 0
macaiki/internal/thread/delivery/http/thread_handler.go:210.70,213.16 3 0
macaiki/internal/thread/delivery/http/thread_handler.go:217.2,221.16 3 0
macaiki/internal/thread/delivery/http/thread_handler.go:225.2,225.46 1 0
macaiki/internal/thread/delivery/http/thread_handler.go:213.16,216.3 2 0
macaiki/internal/thread/delivery/http/thread_handler.go:221.16,223.3 1 0
macaiki/internal/thread/delivery/http/thread_handler.go:228.60,233.16 4 0
macaiki/internal/thread/delivery/http/thread_handler.go:237.2,240.16 3 0
macaiki/internal/thread/delivery/http/thread_handler.go:244.2,244.41 1 0
macaiki/internal/thread/delivery/http/thread_handler.go:233.16,236.3 2 0
macaiki/internal/thread/delivery/http/thread_handler.go:240.16,243.3 2 0
macaiki/internal/thread/delivery/http/thread_handler.go:247.62,252.16 4 0
macaiki/internal/thread/delivery/http/thread_handler.go:256.2,259.16 3 0
macaiki/internal/thread/delivery/http/thread_handler.go:263.2,263.41 1 0
macaiki/internal/thread/delivery/http/thread_handler.go:252.16,255.3 2 0
macaiki/internal/thread/delivery/http/thread_handler.go:259.16,262.3 2 0
macaiki/internal/thread/delivery/http/thread_handler.go:266.63,271.16 4 0
macaiki/internal/thread/delivery/http/thread_handler.go:275.2,278.16 3 0
macaiki/internal/thread/delivery/http/thread_handler.go:282.2,282.41 1 0
macaiki/internal/thread/delivery/http/thread_handler.go:271.16,274.3 2 0
macaiki/internal/thread/delivery/http/thread_handler.go:278.16,281.3 2 0
macaiki/internal/thread/delivery/http/thread_handler.go:285.67,290.16 4 0
macaiki/internal/thread/delivery/http/thread_handler.go:294.2,297.16 3 0
macaiki/internal/thread/delivery/http/thread_handler.go:301.2,301.41 1 0
macaiki/internal/thread/delivery/http/thread_handler.go:290.16,293.3 2 0
macaiki/internal/thread/delivery/http/thread_handler.go:297.16,300.3 2 0
macaiki/internal/thread/delivery/http/thread_handler.go:304.65,309.16 4 0
macaiki/internal/thread/delivery/http/thread_handler.go:313.2,316.16 3 0
macaiki/internal/thread/delivery/http/thread_handler.go:320.2,320.41 1 0
macaiki/internal/thread/delivery/http/thread_handler.go:309.16,312.3 2 0
macaiki/internal/thread/delivery/http/thread_handler.go:316.16,319.3 2 0
macaiki/internal/thread/delivery/http/thread_handler.go:323.62,329.16 4 0
macaiki/internal/thread/delivery/http/thread_handler.go:334.2,339.93 5 0
macaiki/internal/thread/delivery/http/thread_handler.go:342.2,342.41 1 0
macaiki/internal/thread/delivery/http/thread_handler.go:329.16,332.3 2 0
macaiki/internal/thread/delivery/http/thread_handler.go:339.93,341.3 1 0
macaiki/internal/thread/delivery/http/thread_handler.go:345.67,349.45 3 0
macaiki/internal/thread/delivery/http/thread_handler.go:354.2,356.16 3 0
macaiki/internal/thread/delivery/http/thread_handler.go:360.2,366.16 5 0
macaiki/internal/thread/delivery/http/thread_handler.go:371.2,371.41 1 0
macaiki/internal/thread/delivery/http/thread_handler.go:349.45,352.3 2 0
macaiki/internal/thread/delivery/http/thread_handler.go:356.16,359.3 2 0
macaiki/internal/thread/delivery/http/thread_handler.go:366.16,369.3 2 0
macaiki/internal/thread/delivery/http/thread_handler.go:374.68,378.46 3 0
macaiki/internal/thread/delivery/http/thread_handler.go:383.2,385.16 3 0
macaiki/internal/thread/delivery/http/thread_handler.go:389.2,395.16 5 0
macaiki/internal/thread/delivery/http/thread_handler.go:400.2,400.41 1 0
macaiki/internal/thread/delivery/http/thread_handler.go:378.46,381.3 2 0
macaiki/internal/thread/delivery/http/thread_handler.go:385.16,388.3 2 0
macaiki/internal/thread/delivery/http/thread_handler.go:395.16,398.3 2 0
macaiki/internal/thread/delivery/http/thread_handler.go:403.65,408.16 4 0
macaiki/internal/thread/delivery/http/thread_handler.go:412.2,420.16 4 0
macaiki/internal/thread/delivery/http/thread_handler.go:424.2,424.41 1 0
macaiki/internal/thread/delivery/http/thread_handler.go:408.16,411.3 2 0
macaiki/internal/thread/delivery/http/thread_handler.go:420.16,423.3 2 0
macaiki/internal/thread/delivery/http/thread_handler.go:427.101,448.2 20 0
macaiki/pkg/gomail/gomail.go:15.48,17.2 1 0
macaiki/pkg/gomail/gomail.go:19.60,30.16 9 0
macaiki/pkg/gomail/gomail.go:34.2,34.12 1 0
macaiki/pkg/gomail/gomail.go:30.16,32.3 1 0
macaiki/pkg/gomail/gomail.go:37.60,39.40 2 0
macaiki/pkg/gomail/gomail.go:42.2,42.30 1 0
macaiki/pkg/gomail/gomail.go:39.40,41.3 1 0
macaiki/internal/notification/mocks/NotificationRepository.go:17.79,21.49 3 0
macaiki/internal/notification/mocks/NotificationRepository.go:27.2,27.11 1 0
macaiki/internal/notification/mocks/NotificationRepository.go:21.49,23.3 1 0
macaiki/internal/notification/mocks/NotificationRepository.go:23.8,25.3 1 0
macaiki/internal/notification/mocks/NotificationRepository.go:31.99,35.65 3 0
macaiki/internal/notification/mocks/NotificationRepository.go:43.2,44.49 2 0
macaiki/internal/notification/mocks/NotificationRepository.go:50.2,50.15 1 0
macaiki/internal/notification/mocks/NotificationRepository.go:35.65,37.3 1 0
macaiki/internal/notification/mocks/NotificationRepository.go:37.8,38.24 1 0
macaiki/internal/notification/mocks/NotificationRepository.go:38.24,40.4 1 0
macaiki/internal/notification/mocks/NotificationRepository.go:44.49,46.3 1 0
macaiki/internal/notification/mocks/NotificationRepository.go:46.8,48.3 1 0
macaiki/internal/notification/mocks/NotificationRepository.go:54.101,58.63 3 0
macaiki/internal/notification/mocks/NotificationRepository.go:64.2,65.49 2 0
macaiki/internal/notification/mocks/NotificationRepository.go:71.2,71.15 1 0
macaiki/internal/notification/mocks/NotificationRepository.go:58.63,60.3 1 0
macaiki/internal/notification/mocks/NotificationRepository.go:60.8,62.3 1 0
macaiki/internal/notification/mocks/NotificationRepository.go:65.49,67.3 1 0
macaiki/internal/notification/mocks/NotificationRepository.go:67.8,69.3 1 0
macaiki/internal/notification/mocks/NotificationRepository.go:75.75,79.49 3 0
macaiki/internal/notification/mocks/NotificationRepository.go:85.2,85.11 1 0
macaiki/internal/notification/mocks/NotificationRepository.go:79.49,81.3 1 0
macaiki/internal/notification/mocks/NotificationRepository.go:81.8,83.3 1 0
macaiki/internal/notification/mocks/NotificationRepository.go:89.79,93.49 3 0
macaiki/internal/notification/mocks/NotificationRepository.go:99.2,99.11 1 0
macaiki/internal/notification/mocks/NotificationRepository.go:93.49,95.3 1 0
macaiki/internal/notification/mocks/NotificationRepository.go:95.8,97.3 1 0
macaiki/internal/notification/mocks/NotificationRepository.go:103.84,107.64 3 0
macaiki/internal/notification/mocks/NotificationRepository.go:113.2,113.11 1 0
macaiki/internal/notification/mocks/NotificationRepository.go:107.64,109.3 1 0
macaiki/internal/notification/mocks/NotificationRepository.go:109.8,111.3 1 0
macaiki/internal/notification/mocks/NotificationRepository.go:122.108,126.19 3 0
macaiki/internal/notification/mocks/NotificationRepository.go:128.2,128.13 1 0
macaiki/internal/notification/mocks/NotificationRepository.go:126.19,126.49 1 0
macaiki/internal/community/delivery/http/community_handler.go:21.103,51.2 18 0
macaiki/internal/community/delivery/http/community_handler.go:53.81,59.16 5 0
macaiki/internal/community/delivery/http/community_handler.go:63.2,63.41 1 0
macaiki/internal/community/delivery/http/community_handler.go:59.16,61.3 1 0
macaiki/internal/community/delivery/http/community_handler.go:66.91,72.16 4 0
macaiki/internal/community/delivery/http/community_handler.go:76.2,76.53 1 0
macaiki/internal/community/delivery/http/community_handler.go:72.16,74.3 1 0
macaiki/internal/community/delivery/http/community_handler.go:79.78,81.16 2 0
macaiki/internal/community/delivery/http/community_handler.go:85.2,88.16 3 0
macaiki/internal/community/delivery/http/community_handler.go:92.2,92.51 1 0
macaiki/internal/community/delivery/http/community_handler.go:81.16,83.3 1 0
macaiki/internal/community/delivery/http/community_handler.go:88.16,90.3 1 0
macaiki/internal/community/delivery/http/community_handler.go:95.83,97.16 2 0
macaiki/internal/community/delivery/http/community_handler.go:101.2,104.16 3 0
macaiki/internal/community/delivery/http/community_handler.go:108.2,108.51 1 0
macaiki/internal/community/delivery/http/community_handler.go:97.16,99.3 1 0
macaiki/internal/community/delivery/http/community_handler.go:104.16,106.3 1 0
macaiki/internal/community/delivery/http/community_handler.go:111.81,113.16 2 0
macaiki/internal/community/delivery/http/community_handler.go:117.2,122.16 5 0
macaiki/internal/community/delivery/http/community_handler.go:126.2,126.57 1 0
macaiki/internal/community/delivery/http/community_handler.go:113.16,115.3 1 0
macaiki/internal/community/delivery/http/community_handler.go:122.16,124.3 1 0
macaiki/internal/community/delivery/http/community_handler.go:129.81,131.16 2 0
macaiki/internal/community/delivery/http/community_handler.go:135.2,137.16 3 0
macaiki/internal/community/delivery/http/community_handler.go:141.2,141.41 1 0
macaiki/internal/community/delivery/http/community_handler.go:131.16,133.3 1 0
macaiki/internal/community/delivery/http/community_handler.go:137.16,139.3 1 0
macaiki/internal/community/delivery/http/community_handler.go:144.81,148.16 3 0
macaiki/internal/community/delivery/http/community_handler.go:152.2,153.16 2 0
macaiki/internal/community/delivery/http/community_handler.go:157.2,157.41 1 0
macaiki/internal/community/delivery/http/community_handler.go:148.16,150.3 1 0
macaiki/internal/community/delivery/http/community_handler.go:153.16,155.3 1 0
macaiki/internal/community/delivery/http/community_handler.go:160.83,164.16 3 0
macaiki/internal/community/delivery/http/community_handler.go:168.2,169.16 2 0
macaiki/internal/community/delivery/http/community_handler.go:173.2,173.41 1 0
macaiki/internal/community/delivery/http/community_handler.go:164.16,166.3 1 0
macaiki/internal/community/delivery/http/community_handler.go:169.16,171.3 1 0
macaiki/internal/community/delivery/http/community_handler.go:176.83,178.16 2 0
macaiki/internal/community/delivery/http/community_handler.go:182.2,183.16 2 0
macaiki/internal/community/delivery/http/community_handler.go:187.2,189.16 3 0
macaiki/internal/community/delivery/http/community_handler.go:193.2,193.46 1 0
macaiki/internal/community/delivery/http/community_handler.go:178.16,180.3 1 0
macaiki/internal/community/delivery/http/community_handler.go:183.16,185.3 1 0
macaiki/internal/community/delivery/http/community_handler.go:189.16,191.3 1 0
macaiki/internal/community/delivery/http/community_handler.go:196.93,198.16 2 0
macaiki/internal/community/delivery/http/community_handler.go:202.2,203.16 2 0
macaiki/internal/community/delivery/http/community_handler.go:207.2,209.16 3 0
macaiki/internal/community/delivery/http/community_handler.go:213.2,213.46 1 0
macaiki/internal/community/delivery/http/community_handler.go:198.16,200.3 1 0
macaiki/internal/community/delivery/http/community_handler.go:203.16,205.3 1 0
macaiki/internal/community/delivery/http/community_handler.go:209.16,211.3 1 0
macaiki/internal/community/delivery/http/community_handler.go:216.88,218.16 2 0
macaiki/internal/community/delivery/http/community_handler.go:221.2,224.16 3 0
macaiki/internal/community/delivery/http/community_handler.go:227.2,227.48 1 0
macaiki/internal/community/delivery/http/community_handler.go:218.16,220.3 1 0
macaiki/internal/community/delivery/http/community_handler.go:224.16,226.3 1 0
macaiki/internal/community/delivery/http/community_handler.go:230.78,237.16 5 0
macaiki/internal/community/delivery/http/community_handler.go:240.2,240.41 1 0
macaiki/internal/community/delivery/http/community_handler.go:237.16,239.3 1 0
macaiki/internal/community/delivery/http/community_handler.go:243.81,250.16 5 0
macaiki/internal/community/delivery/http/community_handler.go:254.2,254.41 1 0
macaiki/internal/community/delivery/http/community_handler.go:250.16,252.3 1 0
macaiki/internal/community/delivery/http/community_handler.go:257.81,259.16 2 0
macaiki/internal/community/delivery/http/community_handler.go:262.2,267.16 5 0
macaiki/internal/community/delivery/http/community_handler.go:271.2,271.41 1 0
macaiki/internal/community/delivery/http/community_handler.go:259.16,261.3 1 0
macaiki/internal/community/delivery/http/community_handler.go:267.16,269.3 1 0
macaiki/internal/community/delivery/http/community_handler.go:274.87,276.16 2 0
macaiki/internal/community/delivery/http/community_handler.go:280.2,281.16 2 0
macaiki/internal/community/delivery/http/community_handler.go:285.2,285.41 1 0
macaiki/internal/community/delivery/http/community_handler.go:276.16,278.3 1 0
macaiki/internal/community/delivery/http/community_handler.go:281.16,283.3 1 0
macaiki/internal/community/delivery/http/community_handler.go:288.76,290.16 2 0
macaiki/internal/community/delivery/http/community_handler.go:293.2,296.16 3 0
macaiki/internal/community/delivery/http/community_handler.go:300.2,300.45 1 0
macaiki/internal/community/delivery/http/community_handler.go:290.16,292.3 1 0
macaiki/internal/community/delivery/http/community_handler.go:296.16,298.3 1 0
macaiki/internal/community/delivery/http/community_handler.go:303.83,305.16 2 0
macaiki/internal/community/delivery/http/community_handler.go:308.2,314.16 5 0
macaiki/internal/community/delivery/http/community_handler.go:318.2,318.41 1 0
macaiki/internal/community/delivery/http/community_handler.go:305.16,307.3 1 0
macaiki/internal/community/delivery/http/community_handler.go:314.16,316.3 1 0
macaiki/internal/report_category/repository/mysql/report_category_repository.go:14.87,16.2 1 0
macaiki/internal/report_category/repository/mysql/report_category_repository.go:18.106,21.16 3 0
macaiki/internal/report_category/repository/mysql/report_category_repository.go:24.2,24.12 1 0
macaiki/internal/report_category/repository/mysql/report_category_repository.go:21.16,23.3 1 0
macaiki/internal/report_category/repository/mysql/report_category_repository.go:27.98,32.16 4 0
macaiki/internal/report_category/repository/mysql/report_category_repository.go:36.2,36.30 1 0
macaiki/internal/report_category/repository/mysql/report_category_repository.go:32.16,34.3 1 0
macaiki/internal/report_category/repository/mysql/report_category_repository.go:39.100,44.16 4 0
macaiki/internal/report_category/repository/mysql/report_category_repository.go:48.2,48.28 1 0
macaiki/internal/report_category/repository/mysql/report_category_repository.go:44.16,46.3 1 0
macaiki/internal/report_category/repository/mysql/report_category_repository.go:51.107,54.16 3 0
macaiki/internal/report_category/repository/mysql/report_category_repository.go:57.2,57.12 1 0
macaiki/internal/report_category/repository/mysql/report_category_repository.go:54.16,56.3 1 0
macaiki/internal/report_category/repository/mysql/report_category_repository.go:60.107,63.16 3 0
macaiki/internal/report_category/repository/mysql/report_category_repository.go:66.2,66.12 1 0
macaiki/internal/report_category/repository/mysql/report_category_repository.go:63.16,65.3 1 0
macaiki/internal/report_category/usecase/report_category_usecase.go:17.147,19.2 1 0
macaiki/internal/report_category/usecase/report_category_usecase.go:21.121,22.21 1 0
macaiki/internal/report_category/usecase/report_category_usecase.go:26.2,26.61 1 0
macaiki/internal/report_category/usecase/report_category_usecase.go:30.2,35.16 3 0
macaiki/internal/report_category/usecase/report_category_usecase.go:39.2,39.12 1 0
macaiki/internal/report_category/usecase/report_category_usecase.go:22.21,24.3 1 0
macaiki/internal/report_category/usecase/report_category_usecase.go:26.61,28.3 1 0
macaiki/internal/report_category/usecase/report_category_usecase.go:35.16,37.3 1 0
macaiki/internal/report_category/usecase/report_category_usecase.go:42.100,44.16 2 0
macaiki/internal/report_category/usecase/report_category_usecase.go:48.2,49.39 2 0
macaiki/internal/report_category/usecase/report_category_usecase.go:53.2,53.33 1 0
macaiki/internal/report_category/usecase/report_category_usecase.go:44.16,46.3 1 0
macaiki/internal/report_category/usecase/report_category_usecase.go:49.39,51.3 1 0
macaiki/internal/report_category/usecase/report_category_usecase.go:56.102,58.16 2 0
macaiki/internal/report_category/usecase/report_category_usecase.go:61.2,61.28 1 0
macaiki/internal/report_category/usecase/report_category_usecase.go:65.2,65.90 1 0
macaiki/internal/report_category/usecase/report_category_usecase.go:58.16,60.3 1 0
macaiki/internal/report_category/usecase/report_category_usecase.go:61.28,63.3 1 0
macaiki/internal/report_category/usecase/report_category_usecase.go:68.130,69.21 1 0
macaiki/internal/report_category/usecase/report_category_usecase.go:73.2,73.61 1 0
macaiki/internal/report_category/usecase/report_category_usecase.go:77.2,78.16 2 0
macaiki/internal/report_category/usecase/report_category_usecase.go:81.2,81.30 1 0
macaiki/internal/report_category/usecase/report_category_usecase.go:85.2,87.16 3 0
macaiki/internal/report_category/usecase/report_category_usecase.go:91.2,91.12 1 0
macaiki/internal/report_category/usecase/report_category_usecase.go:69.21,71.3 1 0
macaiki/internal/report_category/usecase/report_category_usecase.go:73.61,75.3 1 0
macaiki/internal/report_category/usecase/report_category_usecase.go:78.16,80.3 1 0
macaiki/internal/report_category/usecase/report_category_usecase.go:81.30,83.3 1 0
macaiki/internal/report_category/usecase/report_category_usecase.go:87.16,89.3 1 0
macaiki/internal/report_category/usecase/report_category_usecase.go:94.88,95.21 1 0
macaiki/internal/report_category/usecase/report_category_usecase.go:99.2,100.16 2 0
macaiki/internal/report_category/usecase/report_category_usecase.go:103.2,103.28 1 0
macaiki/internal/report_category/usecase/report_category_usecase.go:107.2,108.16 2 0
macaiki/internal/report_category/usecase/report_category_usecase.go:112.2,112.12 1 0
macaiki/internal/report_category/usecase/report_category_usecase.go:95.21,97.3 1 0
macaiki/internal/report_category/usecase/report_category_usecase.go:100.16,102.3 1 0
macaiki/internal/report_category/usecase/report_category_usecase.go:103.28,105.3 1 0
macaiki/internal/report_category/usecase/report_category_usecase.go:108.16,110.3 1 0
macaiki/cmd/macaiki/main.go:32.13,34.16 2 0
macaiki/cmd/macaiki/main.go:37.2,47.40 3 0
macaiki/cmd/macaiki/main.go:50.2,71.16 15 0
macaiki/cmd/macaiki/main.go:76.2,88.45 8 0
macaiki/cmd/macaiki/main.go:34.16,36.3 1 0
macaiki/cmd/macaiki/main.go:47.40,49.3 1 0
macaiki/cmd/macaiki/main.go:71.16,73.3 1 0
macaiki/internal/report_category/delivery/http/report_category_handler.go:20.111,27.2 6 0
macaiki/internal/report_category/delivery/http/report_category_handler.go:29.84,35.16 5 0
macaiki/internal/report_category/delivery/http/report_category_handler.go:39.2,39.41 1 0
macaiki/internal/report_category/delivery/http/report_category_handler.go:35.16,37.3 1 0
macaiki/internal/report_category/delivery/http/report_category_handler.go:42.86,44.16 2 0
macaiki/internal/report_category/delivery/http/report_category_handler.go:48.2,48.49 1 0
macaiki/internal/report_category/delivery/http/report_category_handler.go:44.16,46.3 1 0
macaiki/internal/report_category/delivery/http/report_category_handler.go:51.81,53.16 2 0
macaiki/internal/report_category/delivery/http/report_category_handler.go:57.2,58.16 2 0
macaiki/internal/report_category/delivery/http/report_category_handler.go:62.2,62.49 1 0
macaiki/internal/report_category/delivery/http/report_category_handler.go:53.16,55.3 1 0
macaiki/internal/report_category/delivery/http/report_category_handler.go:58.16,60.3 1 0
macaiki/internal/report_category/delivery/http/report_category_handler.go:65.84,67.16 2 0
macaiki/internal/report_category/delivery/http/report_category_handler.go:71.2,76.16 5 0
macaiki/internal/report_category/delivery/http/report_category_handler.go:80.2,80.41 1 0
macaiki/internal/report_category/delivery/http/report_category_handler.go:67.16,69.3 1 0
macaiki/internal/report_category/delivery/http/report_category_handler.go:76.16,78.3 1 0
macaiki/internal/report_category/delivery/http/report_category_handler.go:83.84,85.16 2 0
macaiki/internal/report_category/delivery/http/report_category_handler.go:89.2,91.16 3 0
macaiki/internal/report_category/delivery/http/report_category_handler.go:95.2,95.41 1 0
macaiki/internal/report_category/delivery/http/report_category_handler.go:85.16,87.3 1 0
macaiki/internal/report_category/delivery/http/report_category_handler.go:91.16,93.3 1 0
macaiki/config/config.go:32.57,38.44 4 0
macaiki/config/config.go:42.2,43.20 2 0
macaiki/config/config.go:38.44,40.3 1 0
macaiki/config/config.go:46.63,52.44 4 0
macaiki/config/config.go:56.2,57.20 2 0
macaiki/config/config.go:52.44,54.3 1 0
macaiki/internal/thread/mocks/ThreadUseCase.go:19.73,23.63 3 0
macaiki/internal/thread/mocks/ThreadUseCase.go:29.2,29.11 1 0
macaiki/internal/thread/mocks/ThreadUseCase.go:23.63,25.3 1 0
macaiki/internal/thread/mocks/ThreadUseCase.go:25.8,27.3 1 0
macaiki/internal/thread/mocks/ThreadUseCase.go:33.92,37.69 3 0
macaiki/internal/thread/mocks/ThreadUseCase.go:43.2,43.11 1 0
macaiki/internal/thread/mocks/ThreadUseCase.go:37.69,39.3 1 0
macaiki/internal/thread/mocks/ThreadUseCase.go:39.8,41.3 1 0
macaiki/internal/thread/mocks/ThreadUseCase.go:47.103,51.81 3 0
macaiki/internal/thread/mocks/ThreadUseCase.go:57.2,58.68 2 0
macaiki/internal/thread/mocks/ThreadUseCase.go:64.2,64.15 1 0
macaiki/internal/thread/mocks/ThreadUseCase.go:51.81,53.3 1 0
macaiki/internal/thread/mocks/ThreadUseCase.go:53.8,55.3 1 0
macaiki/internal/thread/mocks/ThreadUseCase.go:58.68,60.3 1 0
macaiki/internal/thread/mocks/ThreadUseCase.go:60.8,62.3 1 0
macaiki/internal/thread/mocks/ThreadUseCase.go:68.89,72.68 3 0
macaiki/internal/thread/mocks/ThreadUseCase.go:78.2,78.11 1 0
macaiki/internal/thread/mocks/ThreadUseCase.go:72.68,74.3 1 0
macaiki/internal/thread/mocks/ThreadUseCase.go:74.8,76.3 1 0
macaiki/internal/thread/mocks/ThreadUseCase.go:82.103,86.69 3 0
macaiki/internal/thread/mocks/ThreadUseCase.go:92.2,92.11 1 0
macaiki/internal/thread/mocks/ThreadUseCase.go:86.69,88.3 1 0
macaiki/internal/thread/mocks/ThreadUseCase.go:88.8,90.3 1 0
macaiki/internal/thread/mocks/ThreadUseCase.go:96.86,100.63 3 0
macaiki/internal/thread/mocks/ThreadUseCase.go:106.2,106.11 1 0
macaiki/internal/thread/mocks/ThreadUseCase.go:100.63,102.3 1 0
macaiki/internal/thread/mocks/ThreadUseCase.go:102.8,104.3 1 0
macaiki/internal/thread/mocks/ThreadUseCase.go:110.75,114.55 3 0
macaiki/internal/thread/mocks/ThreadUseCase.go:120.2,120.11 1 0
macaiki/internal/thread/mocks/ThreadUseCase.go:114.55,116.3 1 0
macaiki/internal/thread/mocks/ThreadUseCase.go:116.8,118.3 1 0
macaiki/internal/thread/mocks/ThreadUseCase.go:124.94,128.65 3 0
macaiki/internal/thread/mocks/ThreadUseCase.go:136.2,137.49 2 0
macaiki/internal/thread/mocks/ThreadUseCase.go:143.2,143.15 1 0
macaiki/internal/thread/mocks/ThreadUseCase.go:128.65,130.3 1 0
macaiki/internal/thread/mocks/ThreadUseCase.go:130.8,131.24 1 0
macaiki/internal/thread/mocks/ThreadUseCase.go:131.24,133.4 1 0
macaiki/internal/thread/mocks/ThreadUseCase.go:137.49,139.3 1 0
macaiki/internal/thread/mocks/ThreadUseCase.go:139.8,141.3 1 0
macaiki/internal/thread/mocks/ThreadUseCase.go:147.92,151.72 3 0
macaiki/internal/thread/mocks/ThreadUseCase.go:159.2,160.49 2 0
macaiki/internal/thread/mocks/ThreadUseCase.go:166.2,166.15 1 0
macaiki/internal/thread/mocks/ThreadUseCase.go:151.72,153.3 1 0
macaiki/internal/thread/mocks/ThreadUseCase.go:153.8,154.24 1 0
macaiki/internal/thread/mocks/ThreadUseCase.go:154.24,156.4 1 0
macaiki/internal/thread/mocks/ThreadUseCase.go:160.49,162.3 1 0
macaiki/internal/thread/mocks/ThreadUseCase.go:162.8,164.3 1 0
macaiki/internal/thread/mocks/ThreadUseCase.go:170.83,174.62 3 0
macaiki/internal/thread/mocks/ThreadUseCase.go:180.2,181.49 2 0
macaiki/internal/thread/mocks/ThreadUseCase.go:187.2,187.15 1 0
macaiki/internal/thread/mocks/ThreadUseCase.go:174.62,176.3 1 0
macaiki/internal/thread/mocks/ThreadUseCase.go:176.8,178.3 1 0
macaiki/internal/thread/mocks/ThreadUseCase.go:181.49,183.3 1 0
macaiki/internal/thread/mocks/ThreadUseCase.go:183.8,185.3 1 0
macaiki/internal/thread/mocks/ThreadUseCase.go:191.104,195.80 3 0
macaiki/internal/thread/mocks/ThreadUseCase.go:203.2,204.57 2 0
macaiki/internal/thread/mocks/ThreadUseCase.go:210.2,210.15 1 0
macaiki/internal/thread/mocks/ThreadUseCase.go:195.80,197.3 1 0
macaiki/internal/thread/mocks/ThreadUseCase.go:197.8,198.24 1 0
macaiki/internal/thread/mocks/ThreadUseCase.go:198.24,200.4 1 0
macaiki/internal/thread/mocks/ThreadUseCase.go:204.57,206.3 1 0
macaiki/internal/thread/mocks/ThreadUseCase.go:206.8,208.3 1 0
macaiki/internal/thread/mocks/ThreadUseCase.go:214.109,218.72 3 0
macaiki/internal/thread/mocks/ThreadUseCase.go:226.2,227.49 2 0
macaiki/internal/thread/mocks/ThreadUseCase.go:233.2,233.15 1 0
macaiki/internal/thread/mocks/ThreadUseCase.go:218.72,220.3 1 0
macaiki/internal/thread/mocks/ThreadUseCase.go:220.8,221.24 1 0
macaiki/internal/thread/mocks/ThreadUseCase.go:221.24,223.4 1 0
macaiki/internal/thread/mocks/ThreadUseCase.go:227.49,229.3 1 0
macaiki/internal/thread/mocks/ThreadUseCase.go:229.8,231.3 1 0
macaiki/internal/thread/mocks/ThreadUseCase.go:237.105,241.72 3 0
macaiki/internal/thread/mocks/ThreadUseCase.go:249.2,250.49 2 0
macaiki/internal/thread/mocks/ThreadUseCase.go:256.2,256.15 1 0
macaiki/internal/thread/mocks/ThreadUseCase.go:241.72,243.3 1 0
macaiki/internal/thread/mocks/ThreadUseCase.go:243.8,244.24 1 0
macaiki/internal/thread/mocks/ThreadUseCase.go:244.24,246.4 1 0
macaiki/internal/thread/mocks/ThreadUseCase.go:250.49,252.3 1 0
macaiki/internal/thread/mocks/ThreadUseCase.go:252.8,254.3 1 0
macaiki/internal/thread/mocks/ThreadUseCase.go:260.107,264.77 3 0
macaiki/internal/thread/mocks/ThreadUseCase.go:272.2,273.54 2 0
macaiki/internal/thread/mocks/ThreadUseCase.go:279.2,279.15 1 0
macaiki/internal/thread/mocks/ThreadUseCase.go:264.77,266.3 1 0
macaiki/internal/thread/mocks/ThreadUseCase.go:266.8,267.24 1 0
macaiki/internal/thread/mocks/ThreadUseCase.go:267.24,269.4 1 0
macaiki/internal/thread/mocks/ThreadUseCase.go:273.54,275.3 1 0
macaiki/internal/thread/mocks/ThreadUseCase.go:275.8,277.3 1 0
macaiki/internal/thread/mocks/ThreadUseCase.go:283.73,287.55 3 0
macaiki/internal/thread/mocks/ThreadUseCase.go:293.2,293.11 1 0
macaiki/internal/thread/mocks/ThreadUseCase.go:287.55,289.3 1 0
macaiki/internal/thread/mocks/ThreadUseCase.go:289.8,291.3 1 0
macaiki/internal/thread/mocks/ThreadUseCase.go:297.102,301.78 3 0
macaiki/internal/thread/mocks/ThreadUseCase.go:307.2,307.11 1 0
macaiki/internal/thread/mocks/ThreadUseCase.go:301.78,303.3 1 0
macaiki/internal/thread/mocks/ThreadUseCase.go:303.8,305.3 1 0
macaiki/internal/thread/mocks/ThreadUseCase.go:311.85,315.67 3 0
macaiki/internal/thread/mocks/ThreadUseCase.go:321.2,321.11 1 0
macaiki/internal/thread/mocks/ThreadUseCase.go:315.67,317.3 1 0
macaiki/internal/thread/mocks/ThreadUseCase.go:317.8,319.3 1 0
macaiki/internal/thread/mocks/ThreadUseCase.go:325.79,329.55 3 0
macaiki/internal/thread/mocks/ThreadUseCase.go:335.2,335.11 1 0
macaiki/internal/thread/mocks/ThreadUseCase.go:329.55,331.3 1 0
macaiki/internal/thread/mocks/ThreadUseCase.go:331.8,333.3 1 0
macaiki/internal/thread/mocks/ThreadUseCase.go:339.77,343.55 3 0
macaiki/internal/thread/mocks/ThreadUseCase.go:349.2,349.11 1 0
macaiki/internal/thread/mocks/ThreadUseCase.go:343.55,345.3 1 0
macaiki/internal/thread/mocks/ThreadUseCase.go:345.8,347.3 1 0
macaiki/internal/thread/mocks/ThreadUseCase.go:353.75,357.55 3 0
macaiki/internal/thread/mocks/ThreadUseCase.go:363.2,363.11 1 0
macaiki/internal/thread/mocks/ThreadUseCase.go:357.55,359.3 1 0
macaiki/internal/thread/mocks/ThreadUseCase.go:359.8,361.3 1 0
macaiki/internal/thread/mocks/ThreadUseCase.go:367.118,371.87 3 0
macaiki/internal/thread/mocks/ThreadUseCase.go:377.2,378.74 2 0
macaiki/internal/thread/mocks/ThreadUseCase.go:384.2,384.15 1 0
macaiki/internal/thread/mocks/ThreadUseCase.go:371.87,373.3 1 0
macaiki/internal/thread/mocks/ThreadUseCase.go:373.8,375.3 1 0
macaiki/internal/thread/mocks/ThreadUseCase.go:378.74,380.3 1 0
macaiki/internal/thread/mocks/ThreadUseCase.go:380.8,382.3 1 0
macaiki/internal/thread/mocks/ThreadUseCase.go:388.73,392.55 3 0
macaiki/internal/thread/mocks/ThreadUseCase.go:398.2,398.11 1 0
macaiki/internal/thread/mocks/ThreadUseCase.go:392.55,394.3 1 0
macaiki/internal/thread/mocks/ThreadUseCase.go:394.8,396.3 1 0
macaiki/internal/thread/mocks/ThreadUseCase.go:407.81,411.19 3 0
macaiki/internal/thread/mocks/ThreadUseCase.go:413.2,413.13 1 0
macaiki/internal/thread/mocks/ThreadUseCase.go:411.19,411.49 1 0
macaiki/internal/notification/repository/notification_repository.go:14.80,16.2 1 0
macaiki/internal/notification/repository/notification_repository.go:18.97,21.16 3 0
macaiki/internal/notification/repository/notification_repository.go:24.2,24.12 1 0
macaiki/internal/notification/repository/notification_repository.go:21.16,23.3 1 0
macaiki/internal/notification/repository/notification_repository.go:26.103,30.16 4 0
macaiki/internal/notification/repository/notification_repository.go:33.2,33.27 1 0
macaiki/internal/notification/repository/notification_repository.go:30.16,32.3 1 0
macaiki/internal/notification/repository/notification_repository.go:36.79,39.16 3 0
macaiki/internal/notification/repository/notification_repository.go:42.2,42.12 1 0
macaiki/internal/notification/repository/notification_repository.go:39.16,41.3 1 0
macaiki/internal/notification/repository/notification_repository.go:45.83,48.16 3 0
macaiki/internal/notification/repository/notification_repository.go:51.2,51.12 1 0
macaiki/internal/notification/repository/notification_repository.go:48.16,50.3 1 0
macaiki/internal/notification/repository/notification_repository.go:54.83,57.16 3 0
macaiki/internal/notification/repository/notification_repository.go:61.2,61.12 1 0
macaiki/internal/notification/repository/notification_repository.go:57.16,59.3 1 0
macaiki/internal/notification/repository/notification_repository.go:64.105,68.16 4 0
macaiki/internal/notification/repository/notification_repository.go:72.2,72.19 1 0
macaiki/internal/notification/repository/notification_repository.go:68.16,70.3 1 0
macaiki/internal/user/repository/mysql/mysql_user.go:19.62,21.2 1 0
macaiki/internal/user/repository/mysql/mysql_user.go:23.100,28.16 4 0
macaiki/internal/user/repository/mysql/mysql_user.go:32.2,32.19 1 0
macaiki/internal/user/repository/mysql/mysql_user.go:28.16,30.3 1 0
macaiki/internal/user/repository/mysql/mysql_user.go:35.62,38.16 3 0
macaiki/internal/user/repository/mysql/mysql_user.go:42.2,42.12 1 0
macaiki/internal/user/repository/mysql/mysql_user.go:38.16,40.3 1 0
macaiki/internal/user/repository/mysql/mysql_user.go:45.66,51.16 4 0
macaiki/internal/user/repository/mysql/mysql_user.go:55.2,55.18 1 0
macaiki/internal/user/repository/mysql/mysql_user.go:51.16,53.3 1 0
macaiki/internal/user/repository/mysql/mysql_user.go:58.99,59.25 1 0
macaiki/internal/user/repository/mysql/mysql_user.go:62.2,66.16 4 0
macaiki/internal/user/repository/mysql/mysql_user.go:70.2,70.18 1 0
macaiki/internal/user/repository/mysql/mysql_user.go:59.25,61.3 1 0
macaiki/internal/user/repository/mysql/mysql_user.go:66.16,68.3 1 0
macaiki/internal/user/repository/mysql/mysql_user.go:73.54,75.16 2 0
macaiki/internal/user/repository/mysql/mysql_user.go:79.2,81.16 3 0
macaiki/internal/user/repository/mysql/mysql_user.go:84.2,84.12 1 0
macaiki/internal/user/repository/mysql/mysql_user.go:75.16,77.3 1 0
macaiki/internal/user/repository/mysql/mysql_user.go:81.16,83.3 1 0
macaiki/internal/user/repository/mysql/mysql_user.go:87.78,92.16 4 0
macaiki/internal/user/repository/mysql/mysql_user.go:96.2,96.18 1 0
macaiki/internal/user/repository/mysql/mysql_user.go:92.16,94.3 1 0
macaiki/internal/user/repository/mysql/mysql_user.go:99.84,104.16 4 0
macaiki/internal/user/repository/mysql/mysql_user.go:108.2,108.18 1 0
macaiki/internal/user/repository/mysql/mysql_user.go:104.16,106.3 1 0
macaiki/internal/user/repository/mysql/mysql_user.go:111.92,113.16 2 0
macaiki/internal/user/repository/mysql/mysql_user.go:117.2,117.18 1 0
macaiki/internal/user/repository/mysql/mysql_user.go:113.16,115.3 1 0
macaiki/internal/user/repository/mysql/mysql_user.go:120.94,122.16 2 0
macaiki/internal/user/repository/mysql/mysql_user.go:126.2,126.18 1 0
macaiki/internal/user/repository/mysql/mysql_user.go:122.16,124.3 1 0
macaiki/internal/user/repository/mysql/mysql_user.go:129.72,133.16 4 0
macaiki/internal/user/repository/mysql/mysql_user.go:136.2,136.24 1 0
macaiki/internal/user/repository/mysql/mysql_user.go:133.16,135.3 1 0
macaiki/internal/user/repository/mysql/mysql_user.go:139.73,143.16 4 0
macaiki/internal/user/repository/mysql/mysql_user.go:146.2,146.24 1 0
macaiki/internal/user/repository/mysql/mysql_user.go:143.16,145.3 1 0
macaiki/internal/user/repository/mysql/mysql_user.go:149.71,153.16 4 0
macaiki/internal/user/repository/mysql/mysql_user.go:156.2,156.24 1 0
macaiki/internal/user/repository/mysql/mysql_user.go:153.16,155.3 1 0
macaiki/internal/user/repository/mysql/mysql_user.go:159.100,165.16 4 0
macaiki/internal/user/repository/mysql/mysql_user.go:169.2,169.19 1 0
macaiki/internal/user/repository/mysql/mysql_user.go:165.16,167.3 1 0
macaiki/internal/user/repository/mysql/mysql_user.go:172.101,177.16 4 0
macaiki/internal/user/repository/mysql/mysql_user.go:181.2,181.19 1 0
macaiki/internal/user/repository/mysql/mysql_user.go:177.16,179.3 1 0
macaiki/internal/user/repository/mysql/mysql_user.go:184.95,187.22 2 0
macaiki/internal/user/repository/mysql/mysql_user.go:191.2,191.26 1 0
macaiki/internal/user/repository/mysql/mysql_user.go:195.2,195.12 1 0
macaiki/internal/user/repository/mysql/mysql_user.go:187.22,189.3 1 0
macaiki/internal/user/repository/mysql/mysql_user.go:191.26,193.3 1 0
macaiki/internal/user/repository/mysql/mysql_user.go:198.80,201.16 3 0
macaiki/internal/user/repository/mysql/mysql_user.go:205.2,205.12 1 0
macaiki/internal/user/repository/mysql/mysql_user.go:201.16,203.3 1 0
macaiki/internal/user/repository/mysql/mysql_user.go:208.85,211.16 3 0
macaiki/internal/user/repository/mysql/mysql_user.go:215.2,215.12 1 0
macaiki/internal/user/repository/mysql/mysql_user.go:211.16,213.3 1 0
macaiki/internal/user/repository/mysql/mysql_user.go:218.87,222.16 4 0
macaiki/internal/user/repository/mysql/mysql_user.go:226.2,226.25 1 0
macaiki/internal/user/repository/mysql/mysql_user.go:222.16,224.3 1 0
macaiki/internal/user/repository/mysql/mysql_user.go:229.75,233.22 3 0
macaiki/internal/user/repository/mysql/mysql_user.go:237.2,237.21 1 0
macaiki/internal/user/repository/mysql/mysql_user.go:233.22,235.3 1 0
macaiki/internal/user/repository/mysql/mysql_user.go:240.96,245.22 3 0
macaiki/internal/user/repository/mysql/mysql_user.go:249.2,249.28 1 0
macaiki/internal/user/repository/mysql/mysql_user.go:245.22,247.3 1 0
macaiki/internal/user/repository/mysql/mysql_user.go:252.102,258.22 3 0
macaiki/internal/user/repository/mysql/mysql_user.go:262.2,262.49 1 0
macaiki/internal/user/repository/mysql/mysql_user.go:266.2,266.28 1 0
macaiki/internal/user/repository/mysql/mysql_user.go:258.22,260.3 1 0
macaiki/internal/user/repository/mysql/mysql_user.go:262.49,264.3 1 0
macaiki/internal/user/repository/mysql/mysql_user.go:269.111,274.22 3 0
macaiki/internal/user/repository/mysql/mysql_user.go:278.2,278.55 1 0
macaiki/internal/user/repository/mysql/mysql_user.go:282.2,282.31 1 0
macaiki/internal/user/repository/mysql/mysql_user.go:274.22,276.3 1 0
macaiki/internal/user/repository/mysql/mysql_user.go:278.55,280.3 1 0
macaiki/internal/user/repository/mysql/mysql_user.go:285.105,290.22 3 0
macaiki/internal/user/repository/mysql/mysql_user.go:294.2,294.51 1 0
macaiki/internal/user/repository/mysql/mysql_user.go:298.2,298.29 1 0
macaiki/internal/user/repository/mysql/mysql_user.go:290.22,292.3 1 0
macaiki/internal/user/repository/mysql/mysql_user.go:294.51,296.3 1 0
macaiki/internal/user/repository/mysql/mysql_user.go:301.96,306.22 3 0
macaiki/internal/user/repository/mysql/mysql_user.go:310.2,310.45 1 0
macaiki/internal/user/repository/mysql/mysql_user.go:314.2,314.26 1 0
macaiki/internal/user/repository/mysql/mysql_user.go:306.22,308.3 1 0
macaiki/internal/user/repository/mysql/mysql_user.go:310.45,312.3 1 0
macaiki/internal/user/repository/mysql/mysql_user.go:317.74,320.22 2 0
macaiki/internal/user/repository/mysql/mysql_user.go:324.2,324.26 1 0
macaiki/internal/user/repository/mysql/mysql_user.go:328.2,328.12 1 0
macaiki/internal/user/repository/mysql/mysql_user.go:320.22,322.3 1 0
macaiki/internal/user/repository/mysql/mysql_user.go:324.26,326.3 1 0
macaiki/internal/user/repository/mysql/mysql_user.go:331.78,334.22 2 0
macaiki/internal/user/repository/mysql/mysql_user.go:338.2,338.26 1 0
macaiki/internal/user/repository/mysql/mysql_user.go:342.2,342.12 1 0
macaiki/internal/user/repository/mysql/mysql_user.go:334.22,336.3 1 0
macaiki/internal/user/repository/mysql/mysql_user.go:338.26,340.3 1 0
macaiki/internal/user/repository/mysql/mysql_user.go:345.84,348.22 2 0
macaiki/internal/user/repository/mysql/mysql_user.go:352.2,352.26 1 0
macaiki/internal/user/repository/mysql/mysql_user.go:356.2,356.12 1 0
macaiki/internal/user/repository/mysql/mysql_user.go:348.22,350.3 1 0
macaiki/internal/user/repository/mysql/mysql_user.go:352.26,354.3 1 0
macaiki/internal/user/repository/mysql/mysql_user.go:359.80,362.22 2 0
macaiki/internal/user/repository/mysql/mysql_user.go:366.2,366.26 1 0
macaiki/internal/user/repository/mysql/mysql_user.go:370.2,370.12 1 0
macaiki/internal/user/repository/mysql/mysql_user.go:362.22,364.3 1 0
macaiki/internal/user/repository/mysql/mysql_user.go:366.26,368.3 1 0
macaiki/internal/user/repository/mysql/mysql_user.go:373.88,378.22 3 0
macaiki/internal/user/repository/mysql/mysql_user.go:386.2,386.24 1 0
macaiki/internal/user/repository/mysql/mysql_user.go:378.22,380.46 2 0
macaiki/internal/user/repository/mysql/mysql_user.go:383.3,383.59 1 0
macaiki/internal/user/repository/mysql/mysql_user.go:380.46,382.4 1 0
macaiki/pkg/utils/error.go:40.35,41.13 1 0
macaiki/pkg/utils/error.go:42.30,43.40 1 0
macaiki/pkg/utils/error.go:44.19,45.29 1 0
macaiki/pkg/utils/error.go:46.19,47.29 1 0
macaiki/pkg/utils/error.go:48.24,49.31 1 0
macaiki/pkg/utils/error.go:50.27,51.31 1 0
macaiki/pkg/utils/error.go:52.24,53.31 1 0
macaiki/pkg/utils/error.go:54.25,55.29 1 0
macaiki/pkg/utils/error.go:56.37,57.31 1 0
macaiki/pkg/utils/error.go:58.28,59.31 1 0
macaiki/pkg/utils/error.go:60.20,61.30 1 0
macaiki/pkg/utils/error.go:62.22,63.33 1 0
macaiki/pkg/utils/error.go:64.29,65.33 1 0
macaiki/pkg/utils/error.go:66.10,67.23 1 0
macaiki/internal/notification/mocks/NotificationUsecase.go:17.104,21.70 3 0
macaiki/internal/notification/mocks/NotificationUsecase.go:29.2,30.49 2 0
macaiki/internal/notification/mocks/NotificationUsecase.go:36.2,36.15 1 0
macaiki/internal/notification/mocks/NotificationUsecase.go:21.70,23.3 1 0
macaiki/internal/notification/mocks/NotificationUsecase.go:23.8,24.24 1 0
macaiki/internal/notification/mocks/NotificationUsecase.go:24.24,26.4 1 0
macaiki/internal/notification/mocks/NotificationUsecase.go:30.49,32.3 1 0
macaiki/internal/notification/mocks/NotificationUsecase.go:32.8,34.3 1 0
macaiki/internal/notification/mocks/NotificationUsecase.go:40.101,44.70 3 0
macaiki/internal/notification/mocks/NotificationUsecase.go:52.2,53.49 2 0
macaiki/internal/notification/mocks/NotificationUsecase.go:59.2,59.15 1 0
macaiki/internal/notification/mocks/NotificationUsecase.go:44.70,46.3 1 0
macaiki/internal/notification/mocks/NotificationUsecase.go:46.8,47.24 1 0
macaiki/internal/notification/mocks/NotificationUsecase.go:47.24,49.4 1 0
macaiki/internal/notification/mocks/NotificationUsecase.go:53.49,55.3 1 0
macaiki/internal/notification/mocks/NotificationUsecase.go:55.8,57.3 1 0
macaiki/internal/notification/mocks/NotificationUsecase.go:63.109,67.61 3 0
macaiki/internal/notification/mocks/NotificationUsecase.go:75.2,76.55 2 0
macaiki/internal/notification/mocks/NotificationUsecase.go:82.2,82.15 1 0
macaiki/internal/notification/mocks/NotificationUsecase.go:67.61,69.3 1 0
macaiki/internal/notification/mocks/NotificationUsecase.go:69.8,70.24 1 0
macaiki/internal/notification/mocks/NotificationUsecase.go:70.24,72.4 1 0
macaiki/internal/notification/mocks/NotificationUsecase.go:76.55,78.3 1 0
macaiki/internal/notification/mocks/NotificationUsecase.go:78.8,80.3 1 0
macaiki/internal/notification/mocks/NotificationUsecase.go:86.102,90.70 3 0
macaiki/internal/notification/mocks/NotificationUsecase.go:98.2,99.49 2 0
macaiki/internal/notification/mocks/NotificationUsecase.go:105.2,105.15 1 0
macaiki/internal/notification/mocks/NotificationUsecase.go:90.70,92.3 1 0
macaiki/internal/notification/mocks/NotificationUsecase.go:92.8,93.24 1 0
macaiki/internal/notification/mocks/NotificationUsecase.go:93.24,95.4 1 0
macaiki/internal/notification/mocks/NotificationUsecase.go:99.49,101.3 1 0
macaiki/internal/notification/mocks/NotificationUsecase.go:101.8,103.3 1 0
macaiki/internal/notification/mocks/NotificationUsecase.go:114.99,118.19 3 0
macaiki/internal/notification/mocks/NotificationUsecase.go:120.2,120.13 1 0
macaiki/internal/notification/mocks/NotificationUsecase.go:118.19,118.49 1 0
macaiki/pkg/cloud_storage/s3.go:22.100,24.2 1 0
macaiki/pkg/cloud_storage/s3.go:26.59,37.16 2 0
macaiki/pkg/cloud_storage/s3.go:41.2,41.18 1 0
macaiki/pkg/cloud_storage/s3.go:37.16,39.3 1 0
macaiki/pkg/cloud_storage/s3.go:44.119,46.16 2 0
macaiki/pkg/cloud_storage/s3.go:49.2,64.20 5 0
macaiki/pkg/cloud_storage/s3.go:46.16,48.3 1 0
macaiki/pkg/cloud_storage/s3.go:67.65,75.16 4 0
macaiki/pkg/cloud_storage/s3.go:79.2,83.16 2 0
macaiki/pkg/cloud_storage/s3.go:87.2,87.12 1 0
macaiki/pkg/cloud_storage/s3.go:75.16,77.3 1 0
macaiki/pkg/cloud_storage/s3.go:83.16,85.3 1 0
macaiki/internal/community/repository/mysql/community_repository.go:20.72,22.2 1 0
macaiki/internal/community/repository/mysql/community_repository.go:24.119,29.16 4 0
macaiki/internal/community/repository/mysql/community_repository.go:33.2,33.25 1 0
macaiki/internal/community/repository/mysql/community_repository.go:29.16,31.3 1 0
macaiki/internal/community/repository/mysql/community_repository.go:36.120,42.16 4 0
macaiki/internal/community/repository/mysql/community_repository.go:46.2,46.23 1 0
macaiki/internal/community/repository/mysql/community_repository.go:42.16,44.3 1 0
macaiki/internal/community/repository/mysql/community_repository.go:49.93,55.16 4 0
macaiki/internal/community/repository/mysql/community_repository.go:59.2,59.23 1 0
macaiki/internal/community/repository/mysql/community_repository.go:55.16,57.3 1 0
macaiki/internal/community/repository/mysql/community_repository.go:62.123,66.16 4 0
macaiki/internal/community/repository/mysql/community_repository.go:70.2,70.21 1 0
macaiki/internal/community/repository/mysql/community_repository.go:66.16,68.3 1 0
macaiki/internal/community/repository/mysql/community_repository.go:73.115,79.16 4 0
macaiki/internal/community/repository/mysql/community_repository.go:83.2,83.23 1 0
macaiki/internal/community/repository/mysql/community_repository.go:79.16,81.3 1 0
macaiki/internal/community/repository/mysql/community_repository.go:86.94,89.16 3 0
macaiki/internal/community/repository/mysql/community_repository.go:93.2,93.12 1 0
macaiki/internal/community/repository/mysql/community_repository.go:89.16,91.3 1 0
macaiki/internal/community/repository/mysql/community_repository.go:96.164,100.16 3 0
macaiki/internal/community/repository/mysql/community_repository.go:104.2,104.23 1 0
macaiki/internal/community/repository/mysql/community_repository.go:100.16,102.3 1 0
macaiki/internal/community/repository/mysql/community_repository.go:107.76,110.16 3 0
macaiki/internal/community/repository/mysql/community_repository.go:113.2,113.12 1 0
macaiki/internal/community/repository/mysql/community_repository.go:110.16,112.3 1 0
macaiki/internal/community/repository/mysql/community_repository.go:115.117,117.16 2 0
macaiki/internal/community/repository/mysql/community_repository.go:121.2,121.12 1 0
macaiki/internal/community/repository/mysql/community_repository.go:117.16,119.3 1 0
macaiki/internal/community/repository/mysql/community_repository.go:124.119,126.16 2 0
macaiki/internal/community/repository/mysql/community_repository.go:130.2,130.12 1 0
macaiki/internal/community/repository/mysql/community_repository.go:126.16,128.3 1 0
macaiki/internal/community/repository/mysql/community_repository.go:133.104,136.22 2 0
macaiki/internal/community/repository/mysql/community_repository.go:140.2,140.26 1 0
macaiki/internal/community/repository/mysql/community_repository.go:144.2,144.12 1 0
macaiki/internal/community/repository/mysql/community_repository.go:136.22,138.3 1 0
macaiki/internal/community/repository/mysql/community_repository.go:140.26,142.3 1 0
macaiki/internal/community/repository/mysql/community_repository.go:147.114,149.16 2 0
macaiki/internal/community/repository/mysql/community_repository.go:153.2,153.12 1 0
macaiki/internal/community/repository/mysql/community_repository.go:149.16,151.3 1 0
macaiki/internal/community/repository/mysql/community_repository.go:156.117,158.16 2 0
macaiki/internal/community/repository/mysql/community_repository.go:162.2,162.12 1 0
macaiki/internal/community/repository/mysql/community_repository.go:158.16,160.3 1 0
macaiki/internal/community/repository/mysql/community_repository.go:165.115,170.16 4 0
macaiki/internal/community/repository/mysql/community_repository.go:174.2,174.19 1 0
macaiki/internal/community/repository/mysql/community_repository.go:170.16,172.3 1 0
macaiki/internal/community/repository/mysql/community_repository.go:177.112,180.16 3 0
macaiki/internal/community/repository/mysql/community_repository.go:184.2,184.12 1 0
macaiki/internal/community/repository/mysql/community_repository.go:180.16,182.3 1 0
macaiki/internal/community/repository/mysql/community_repository.go:187.126,190.16 3 0
macaiki/internal/community/repository/mysql/community_repository.go:194.2,194.12 1 0
macaiki/internal/community/repository/mysql/community_repository.go:190.16,192.3 1 0
macaiki/internal/community/repository/mysql/community_repository.go:197.105,201.16 4 0
macaiki/internal/community/repository/mysql/community_repository.go:205.2,205.23 1 0
macaiki/internal/community/repository/mysql/community_repository.go:201.16,203.3 1 0
macaiki/internal/community/repository/mysql/community_repository.go:208.104,213.22 3 0
macaiki/internal/community/repository/mysql/community_repository.go:217.2,217.21 1 0
macaiki/internal/community/repository/mysql/community_repository.go:213.22,215.3 1 0
macaiki/internal/community/repository/mysql/community_repository.go:220.127,225.22 3 0
macaiki/internal/community/repository/mysql/community_repository.go:233.2,233.27 1 0
macaiki/internal/community/repository/mysql/community_repository.go:225.22,227.46 2 0
macaiki/internal/community/repository/mysql/community_repository.go:230.3,230.76 1 0
macaiki/internal/community/repository/mysql/community_repository.go:227.46,229.4 1 0
macaiki/internal/thread/mocks/ThreadRepository.go:17.76,21.59 3 0
macaiki/internal/thread/mocks/ThreadRepository.go:27.2,27.11 1 0
macaiki/internal/thread/mocks/ThreadRepository.go:21.59,23.3 1 0
macaiki/internal/thread/mocks/ThreadRepository.go:23.8,25.3 1 0
macaiki/internal/thread/mocks/ThreadRepository.go:31.91,35.65 3 0
macaiki/internal/thread/mocks/ThreadRepository.go:41.2,41.11 1 0
macaiki/internal/thread/mocks/ThreadRepository.go:35.65,37.3 1 0
macaiki/internal/thread/mocks/ThreadRepository.go:37.8,39.3 1 0
macaiki/internal/thread/mocks/ThreadRepository.go:45.84,49.66 3 0
macaiki/internal/thread/mocks/ThreadRepository.go:55.2,56.58 2 0
macaiki/internal/thread/mocks/ThreadRepository.go:62.2,62.15 1 0
macaiki/internal/thread/mocks/ThreadRepository.go:49.66,51.3 1 0
macaiki/internal/thread/mocks/ThreadRepository.go:51.8,53.3 1 0
macaiki/internal/thread/mocks/ThreadRepository.go:56.58,58.3 1 0
macaiki/internal/thread/mocks/ThreadRepository.go:58.8,60.3 1 0
macaiki/internal/thread/mocks/ThreadRepository.go:66.88,70.64 3 0
macaiki/internal/thread/mocks/ThreadRepository.go:76.2,76.11 1 0
macaiki/internal/thread/mocks/ThreadRepository.go:70.64,72.3 1 0
macaiki/internal/thread/mocks/ThreadRepository.go:72.8,74.3 1 0
macaiki/internal/thread/mocks/ThreadRepository.go:80.65,84.49 3 0
macaiki/internal/thread/mocks/ThreadRepository.go:90.2,90.11 1 0
macaiki/internal/thread/mocks/ThreadRepository.go:84.49,86.3 1 0
macaiki/internal/thread/mocks/ThreadRepository.go:86.8,88.3 1 0
macaiki/internal/thread/mocks/ThreadRepository.go:94.63,98.49 3 0
macaiki/internal/thread/mocks/ThreadRepository.go:104.2,104.11 1 0
macaiki/internal/thread/mocks/ThreadRepository.go:98.49,100.3 1 0
macaiki/internal/thread/mocks/ThreadRepository.go:100.8,102.3 1 0
macaiki/internal/thread/mocks/ThreadRepository.go:108.82,112.66 3 0
macaiki/internal/thread/mocks/ThreadRepository.go:118.2,118.11 1 0
macaiki/internal/thread/mocks/ThreadRepository.go:112.66,114.3 1 0
macaiki/internal/thread/mocks/ThreadRepository.go:114.8,116.3 1 0
macaiki/internal/thread/mocks/ThreadRepository.go:122.84,126.58 3 0
macaiki/internal/thread/mocks/ThreadRepository.go:132.2,133.49 2 0
macaiki/internal/thread/mocks/ThreadRepository.go:139.2,139.15 1 0
macaiki/internal/thread/mocks/ThreadRepository.go:126.58,128.3 1 0
macaiki/internal/thread/mocks/ThreadRepository.go:128.8,130.3 1 0
macaiki/internal/thread/mocks/ThreadRepository.go:133.49,135.3 1 0
macaiki/internal/thread/mocks/ThreadRepository.go:135.8,137.3 1 0
macaiki/internal/thread/mocks/ThreadRepository.go:143.85,147.64 3 0
macaiki/internal/thread/mocks/ThreadRepository.go:153.2,154.49 2 0
macaiki/internal/thread/mocks/ThreadRepository.go:160.2,160.15 1 0
macaiki/internal/thread/mocks/ThreadRepository.go:147.64,149.3 1 0
macaiki/internal/thread/mocks/ThreadRepository.go:149.8,151.3 1 0
macaiki/internal/thread/mocks/ThreadRepository.go:154.49,156.3 1 0
macaiki/internal/thread/mocks/ThreadRepository.go:156.8,158.3 1 0
macaiki/internal/thread/mocks/ThreadRepository.go:164.99,168.67 3 0
macaiki/internal/thread/mocks/ThreadRepository.go:176.2,177.49 2 0
macaiki/internal/thread/mocks/ThreadRepository.go:183.2,183.15 1 0
macaiki/internal/thread/mocks/ThreadRepository.go:168.67,170.3 1 0
macaiki/internal/thread/mocks/ThreadRepository.go:170.8,171.24 1 0
macaiki/internal/thread/mocks/ThreadRepository.go:171.24,173.4 1 0
macaiki/internal/thread/mocks/ThreadRepository.go:177.49,179.3 1 0
macaiki/internal/thread/mocks/ThreadRepository.go:179.8,181.3 1 0
macaiki/internal/thread/mocks/ThreadRepository.go:187.93,191.70 3 0
macaiki/internal/thread/mocks/ThreadRepository.go:199.2,200.49 2 0
macaiki/internal/thread/mocks/ThreadRepository.go:206.2,206.15 1 0
macaiki/internal/thread/mocks/ThreadRepository.go:191.70,193.3 1 0
macaiki/internal/thread/mocks/ThreadRepository.go:193.8,194.24 1 0
macaiki/internal/thread/mocks/ThreadRepository.go:194.24,196.4 1 0
macaiki/internal/thread/mocks/ThreadRepository.go:200.49,202.3 1 0
macaiki/internal/thread/mocks/ThreadRepository.go:202.8,204.3 1 0
macaiki/internal/thread/mocks/ThreadRepository.go:210.81,214.57 3 0
macaiki/internal/thread/mocks/ThreadRepository.go:220.2,221.49 2 0
macaiki/internal/thread/mocks/ThreadRepository.go:227.2,227.15 1 0
macaiki/internal/thread/mocks/ThreadRepository.go:214.57,216.3 1 0
macaiki/internal/thread/mocks/ThreadRepository.go:216.8,218.3 1 0
macaiki/internal/thread/mocks/ThreadRepository.go:221.49,223.3 1 0
macaiki/internal/thread/mocks/ThreadRepository.go:223.8,225.3 1 0
macaiki/internal/thread/mocks/ThreadRepository.go:231.107,235.71 3 0
macaiki/internal/thread/mocks/ThreadRepository.go:241.2,242.55 2 0
macaiki/internal/thread/mocks/ThreadRepository.go:248.2,248.15 1 0
macaiki/internal/thread/mocks/ThreadRepository.go:235.71,237.3 1 0
macaiki/internal/thread/mocks/ThreadRepository.go:237.8,239.3 1 0
macaiki/internal/thread/mocks/ThreadRepository.go:242.55,244.3 1 0
macaiki/internal/thread/mocks/ThreadRepository.go:244.8,246.3 1 0
macaiki/internal/thread/mocks/ThreadRepository.go:252.83,256.63 3 0
macaiki/internal/thread/mocks/ThreadRepository.go:262.2,263.49 2 0
macaiki/internal/thread/mocks/ThreadRepository.go:269.2,269.15 1 0
macaiki/internal/thread/mocks/ThreadRepository.go:256.63,258.3 1 0
macaiki/internal/thread/mocks/ThreadRepository.go:258.8,260.3 1 0
macaiki/internal/thread/mocks/ThreadRepository.go:263.49,265.3 1 0
macaiki/internal/thread/mocks/ThreadRepository.go:265.8,267.3 1 0
macaiki/internal/thread/mocks/ThreadRepository.go:273.103,277.69 3 0
macaiki/internal/thread/mocks/ThreadRepository.go:283.2,284.55 2 0
macaiki/internal/thread/mocks/ThreadRepository.go:290.2,290.15 1 0
macaiki/internal/thread/mocks/ThreadRepository.go:277.69,279.3 1 0
macaiki/internal/thread/mocks/ThreadRepository.go:279.8,281.3 1 0
macaiki/internal/thread/mocks/ThreadRepository.go:284.55,286.3 1 0
macaiki/internal/thread/mocks/ThreadRepository.go:286.8,288.3 1 0
macaiki/internal/thread/mocks/ThreadRepository.go:294.105,298.78 3 0
macaiki/internal/thread/mocks/ThreadRepository.go:306.2,307.57 2 0
macaiki/internal/thread/mocks/ThreadRepository.go:313.2,313.15 1 0
macaiki/internal/thread/mocks/ThreadRepository.go:298.78,300.3 1 0
macaiki/internal/thread/mocks/ThreadRepository.go:300.8,301.24 1 0
macaiki/internal/thread/mocks/ThreadRepository.go:301.24,303.4 1 0
macaiki/internal/thread/mocks/ThreadRepository.go:307.57,309.3 1 0
macaiki/internal/thread/mocks/ThreadRepository.go:309.8,311.3 1 0
macaiki/internal/thread/mocks/ThreadRepository.go:317.115,321.76 3 0
macaiki/internal/thread/mocks/ThreadRepository.go:329.2,330.55 2 0
macaiki/internal/thread/mocks/ThreadRepository.go:336.2,336.15 1 0
macaiki/internal/thread/mocks/ThreadRepository.go:321.76,323.3 1 0
macaiki/internal/thread/mocks/ThreadRepository.go:323.8,324.24 1 0
macaiki/internal/thread/mocks/ThreadRepository.go:324.24,326.4 1 0
macaiki/internal/thread/mocks/ThreadRepository.go:330.55,332.3 1 0
macaiki/internal/thread/mocks/ThreadRepository.go:332.8,334.3 1 0
macaiki/internal/thread/mocks/ThreadRepository.go:340.110,344.70 3 0
macaiki/internal/thread/mocks/ThreadRepository.go:352.2,353.49 2 0
macaiki/internal/thread/mocks/ThreadRepository.go:359.2,359.15 1 0
macaiki/internal/thread/mocks/ThreadRepository.go:344.70,346.3 1 0
macaiki/internal/thread/mocks/ThreadRepository.go:346.8,347.24 1 0
macaiki/internal/thread/mocks/ThreadRepository.go:347.24,349.4 1 0
macaiki/internal/thread/mocks/ThreadRepository.go:353.49,355.3 1 0
macaiki/internal/thread/mocks/ThreadRepository.go:355.8,357.3 1 0
macaiki/internal/thread/mocks/ThreadRepository.go:363.106,367.70 3 0
macaiki/internal/thread/mocks/ThreadRepository.go:375.2,376.49 2 0
macaiki/internal/thread/mocks/ThreadRepository.go:382.2,382.15 1 0
macaiki/internal/thread/mocks/ThreadRepository.go:367.70,369.3 1 0
macaiki/internal/thread/mocks/ThreadRepository.go:369.8,370.24 1 0
macaiki/internal/thread/mocks/ThreadRepository.go:370.24,372.4 1 0
macaiki/internal/thread/mocks/ThreadRepository.go:376.49,378.3 1 0
macaiki/internal/thread/mocks/ThreadRepository.go:378.8,380.3 1 0
macaiki/internal/thread/mocks/ThreadRepository.go:386.97,390.70 3 0
macaiki/internal/thread/mocks/ThreadRepository.go:398.2,399.49 2 0
macaiki/internal/thread/mocks/ThreadRepository.go:405.2,405.15 1 0
macaiki/internal/thread/mocks/ThreadRepository.go:390.70,392.3 1 0
macaiki/internal/thread/mocks/ThreadRepository.go:392.8,393.24 1 0
macaiki/internal/thread/mocks/ThreadRepository.go:393.24,395.4 1 0
macaiki/internal/thread/mocks/ThreadRepository.go:399.49,401.3 1 0
macaiki/internal/thread/mocks/ThreadRepository.go:401.8,403.3 1 0
macaiki/internal/thread/mocks/ThreadRepository.go:409.117,413.75 3 0
macaiki/internal/thread/mocks/ThreadRepository.go:421.2,422.54 2 0
macaiki/internal/thread/mocks/ThreadRepository.go:428.2,428.15 1 0
macaiki/internal/thread/mocks/ThreadRepository.go:413.75,415.3 1 0
macaiki/internal/thread/mocks/ThreadRepository.go:415.8,416.24 1 0
macaiki/internal/thread/mocks/ThreadRepository.go:416.24,418.4 1 0
macaiki/internal/thread/mocks/ThreadRepository.go:422.54,424.3 1 0
macaiki/internal/thread/mocks/ThreadRepository.go:424.8,426.3 1 0
macaiki/internal/thread/mocks/ThreadRepository.go:432.81,436.64 3 0
macaiki/internal/thread/mocks/ThreadRepository.go:442.2,442.11 1 0
macaiki/internal/thread/mocks/ThreadRepository.go:436.64,438.3 1 0
macaiki/internal/thread/mocks/ThreadRepository.go:438.8,440.3 1 0
macaiki/internal/thread/mocks/ThreadRepository.go:446.82,450.57 3 0
macaiki/internal/thread/mocks/ThreadRepository.go:456.2,456.11 1 0
macaiki/internal/thread/mocks/ThreadRepository.go:450.57,452.3 1 0
macaiki/internal/thread/mocks/ThreadRepository.go:452.8,454.3 1 0
macaiki/internal/thread/mocks/ThreadRepository.go:460.84,464.63 3 0
macaiki/internal/thread/mocks/ThreadRepository.go:470.2,470.11 1 0
macaiki/internal/thread/mocks/ThreadRepository.go:464.63,466.3 1 0
macaiki/internal/thread/mocks/ThreadRepository.go:466.8,468.3 1 0
macaiki/internal/thread/mocks/ThreadRepository.go:474.82,478.55 3 0
macaiki/internal/thread/mocks/ThreadRepository.go:484.2,484.11 1 0
macaiki/internal/thread/mocks/ThreadRepository.go:478.55,480.3 1 0
macaiki/internal/thread/mocks/ThreadRepository.go:480.8,482.3 1 0
macaiki/internal/thread/mocks/ThreadRepository.go:488.80,492.55 3 0
macaiki/internal/thread/mocks/ThreadRepository.go:498.2,498.11 1 0
macaiki/internal/thread/mocks/ThreadRepository.go:492.55,494.3 1 0
macaiki/internal/thread/mocks/ThreadRepository.go:494.8,496.3 1 0
macaiki/internal/thread/mocks/ThreadRepository.go:502.78,506.55 3 0
macaiki/internal/thread/mocks/ThreadRepository.go:512.2,512.11 1 0
macaiki/internal/thread/mocks/ThreadRepository.go:506.55,508.3 1 0
macaiki/internal/thread/mocks/ThreadRepository.go:508.8,510.3 1 0
macaiki/internal/thread/mocks/ThreadRepository.go:516.104,520.71 3 0
macaiki/internal/thread/mocks/ThreadRepository.go:526.2,526.11 1 0
macaiki/internal/thread/mocks/ThreadRepository.go:520.71,522.3 1 0
macaiki/internal/thread/mocks/ThreadRepository.go:522.8,524.3 1 0
macaiki/internal/thread/mocks/ThreadRepository.go:530.82,534.64 3 0
macaiki/internal/thread/mocks/ThreadRepository.go:540.2,540.11 1 0
macaiki/internal/thread/mocks/ThreadRepository.go:534.64,536.3 1 0
macaiki/internal/thread/mocks/ThreadRepository.go:536.8,538.3 1 0
macaiki/internal/thread/mocks/ThreadRepository.go:544.101,548.70 3 0
macaiki/internal/thread/mocks/ThreadRepository.go:554.2,554.11 1 0
macaiki/internal/thread/mocks/ThreadRepository.go:548.70,550.3 1 0
macaiki/internal/thread/mocks/ThreadRepository.go:550.8,552.3 1 0
macaiki/internal/thread/mocks/ThreadRepository.go:558.82,562.64 3 0
macaiki/internal/thread/mocks/ThreadRepository.go:568.2,568.11 1 0
macaiki/internal/thread/mocks/ThreadRepository.go:562.64,564.3 1 0
macaiki/internal/thread/mocks/ThreadRepository.go:564.8,566.3 1 0
macaiki/internal/thread/mocks/ThreadRepository.go:577.90,581.19 3 0
macaiki/internal/thread/mocks/ThreadRepository.go:583.2,583.13 1 0
macaiki/internal/thread/mocks/ThreadRepository.go:581.19,581.49 1 0
macaiki/internal/notification/usecase/notification usecase.go:20.175,26.2 1 0
macaiki/internal/notification/usecase/notification usecase.go:28.110,30.16 2 0
macaiki/internal/notification/usecase/notification usecase.go:33.2,37.29 3 0
macaiki/internal/notification/usecase/notification usecase.go:61.2,61.23 1 0
macaiki/internal/notification/usecase/notification usecase.go:30.16,32.3 1 0
macaiki/internal/notification/usecase/notification usecase.go:37.29,40.43 3 0
macaiki/internal/notification/usecase/notification usecase.go:48.3,58.5 1 0
macaiki/internal/notification/usecase/notification usecase.go:40.43,42.4 1 0
macaiki/internal/notification/usecase/notification usecase.go:42.9,42.53 1 0
macaiki/internal/notification/usecase/notification usecase.go:42.53,44.4 1 0
macaiki/internal/notification/usecase/notification usecase.go:44.9,44.54 1 0
macaiki/internal/notification/usecase/notification usecase.go:44.54,47.4 1 0
macaiki/internal/notification/usecase/notification usecase.go:64.111,66.16 2 0
macaiki/internal/notification/usecase/notification usecase.go:70.2,70.39 1 0
macaiki/internal/notification/usecase/notification usecase.go:66.16,68.3 1 0
macaiki/internal/notification/usecase/notification usecase.go:73.113,75.16 2 0
macaiki/internal/notification/usecase/notification usecase.go:79.2,79.39 1 0
macaiki/internal/notification/usecase/notification usecase.go:75.16,77.3 1 0
macaiki/internal/notification/usecase/notification usecase.go:82.108,84.16 2 0
macaiki/internal/notification/usecase/notification usecase.go:88.2,88.28 1 0
macaiki/internal/notification/usecase/notification usecase.go:92.2,93.16 2 0
macaiki/internal/notification/usecase/notification usecase.go:98.2,98.44 1 0
macaiki/internal/notification/usecase/notification usecase.go:142.2,142.31 1 0
macaiki/internal/notification/usecase/notification usecase.go:84.16,86.3 1 0
macaiki/internal/notification/usecase/notification usecase.go:88.28,90.3 1 0
macaiki/internal/notification/usecase/notification usecase.go:93.16,96.3 2 0
macaiki/internal/notification/usecase/notification usecase.go:98.44,100.17 2 0
macaiki/internal/notification/usecase/notification usecase.go:104.3,104.19 1 0
macaiki/internal/notification/usecase/notification usecase.go:108.3,124.9 4 0
macaiki/internal/notification/usecase/notification usecase.go:100.17,102.4 1 0
macaiki/internal/notification/usecase/notification usecase.go:104.19,106.4 1 0
macaiki/internal/notification/usecase/notification usecase.go:125.8,125.100 1 0
macaiki/internal/notification/usecase/notification usecase.go:125.100,127.17 2 0
macaiki/internal/notification/usecase/notification usecase.go:130.3,139.9 1 0
macaiki/internal/notification/usecase/notification usecase.go:127.17,129.4 1 0
macaiki/internal/community/usecase/community_usecase.go:31.267,40.2 1 0
macaiki/internal/community/usecase/community_usecase.go:42.126,44.16 2 0
macaiki/internal/community/usecase/community_usecase.go:48.2,49.34 2 0
macaiki/internal/community/usecase/community_usecase.go:61.2,61.29 1 0
macaiki/internal/community/usecase/community_usecase.go:44.16,46.3 1 0
macaiki/internal/community/usecase/community_usecase.go:49.34,59.3 1 0
macaiki/internal/community/usecase/community_usecase.go:64.118,66.16 2 0
macaiki/internal/community/usecase/community_usecase.go:70.2,70.23 1 0
macaiki/internal/community/usecase/community_usecase.go:74.2,84.27 2 0
macaiki/internal/community/usecase/community_usecase.go:66.16,68.3 1 0
macaiki/internal/community/usecase/community_usecase.go:70.23,72.3 1 0
macaiki/internal/community/usecase/community_usecase.go:87.122,89.16 2 0
macaiki/internal/community/usecase/community_usecase.go:93.2,94.16 2 0
macaiki/internal/community/usecase/community_usecase.go:98.2,100.33 2 0
macaiki/internal/community/usecase/community_usecase.go:111.2,123.26 2 0
macaiki/internal/community/usecase/community_usecase.go:89.16,91.3 1 0
macaiki/internal/community/usecase/community_usecase.go:94.16,96.3 1 0
macaiki/internal/community/usecase/community_usecase.go:100.33,109.3 1 0
macaiki/internal/community/usecase/community_usecase.go:126.108,127.21 1 0
macaiki/internal/community/usecase/community_usecase.go:131.2,131.55 1 0
macaiki/internal/community/usecase/community_usecase.go:135.2,141.16 3 0
macaiki/internal/community/usecase/community_usecase.go:145.2,145.12 1 0
macaiki/internal/community/usecase/community_usecase.go:127.21,129.3 1 0
macaiki/internal/community/usecase/community_usecase.go:131.55,133.3 1 0
macaiki/internal/community/usecase/community_usecase.go:141.16,143.3 1 0
macaiki/internal/community/usecase/community_usecase.go:147.158,148.21 1 0
macaiki/internal/community/usecase/community_usecase.go:152.2,152.55 1 0
macaiki/internal/community/usecase/community_usecase.go:156.2,157.16 2 0
macaiki/internal/community/usecase/community_usecase.go:161.2,161.25 1 0
macaiki/internal/community/usecase/community_usecase.go:165.2,171.16 3 0
macaiki/internal/community/usecase/community_usecase.go:175.2,180.27 2 0
macaiki/internal/community/usecase/community_usecase.go:148.21,150.3 1 0
macaiki/internal/community/usecase/community_usecase.go:152.55,154.3 1 0
macaiki/internal/community/usecase/community_usecase.go:157.16,159.3 1 0
macaiki/internal/community/usecase/community_usecase.go:161.25,163.3 1 0
macaiki/internal/community/usecase/community_usecase.go:171.16,173.3 1 0
macaiki/internal/community/usecase/community_usecase.go:182.77,183.21 1 0
macaiki/internal/community/usecase/community_usecase.go:187.2,188.16 2 0
macaiki/internal/community/usecase/community_usecase.go:192.2,192.25 1 0
macaiki/internal/community/usecase/community_usecase.go:196.2,197.16 2 0
macaiki/internal/community/usecase/community_usecase.go:201.2,201.12 1 0
macaiki/internal/community/usecase/community_usecase.go:183.21,185.3 1 0
macaiki/internal/community/usecase/community_usecase.go:188.16,190.3 1 0
macaiki/internal/community/usecase/community_usecase.go:192.25,194.3 1 0
macaiki/internal/community/usecase/community_usecase.go:197.16,199.3 1 0
macaiki/internal/community/usecase/community_usecase.go:204.81,206.16 2 0
macaiki/internal/community/usecase/community_usecase.go:209.2,209.18 1 0
macaiki/internal/community/usecase/community_usecase.go:213.2,214.16 2 0
macaiki/internal/community/usecase/community_usecase.go:217.2,217.23 1 0
macaiki/internal/community/usecase/community_usecase.go:221.2,222.16 2 0
macaiki/internal/community/usecase/community_usecase.go:226.2,226.12 1 0
macaiki/internal/community/usecase/community_usecase.go:206.16,208.3 1 0
macaiki/internal/community/usecase/community_usecase.go:209.18,211.3 1 0
macaiki/internal/community/usecase/community_usecase.go:214.16,216.3 1 0
macaiki/internal/community/usecase/community_usecase.go:217.23,219.3 1 0
macaiki/internal/community/usecase/community_usecase.go:222.16,224.3 1 0
macaiki/internal/community/usecase/community_usecase.go:228.83,230.16 2 0
macaiki/internal/community/usecase/community_usecase.go:233.2,233.18 1 0
macaiki/internal/community/usecase/community_usecase.go:237.2,238.16 2 0
macaiki/internal/community/usecase/community_usecase.go:241.2,241.23 1 0
macaiki/internal/community/usecase/community_usecase.go:245.2,246.16 2 0
macaiki/internal/community/usecase/community_usecase.go:250.2,250.12 1 0
macaiki/internal/community/usecase/community_usecase.go:230.16,232.3 1 0
macaiki/internal/community/usecase/community_usecase.go:233.18,235.3 1 0
macaiki/internal/community/usecase/community_usecase.go:238.16,240.3 1 0
macaiki/internal/community/usecase/community_usecase.go:241.23,243.3 1 0
macaiki/internal/community/usecase/community_usecase.go:246.16,248.3 1 0
macaiki/internal/community/usecase/community_usecase.go:253.107,254.21 1 0
macaiki/internal/community/usecase/community_usecase.go:258.2,259.16 2 0
macaiki/internal/community/usecase/community_usecase.go:263.2,263.39 1 0
macaiki/internal/community/usecase/community_usecase.go:270.2,272.16 3 0
macaiki/internal/community/usecase/community_usecase.go:276.2,279.16 3 0
macaiki/internal/community/usecase/community_usecase.go:283.2,283.22 1 0
macaiki/internal/community/usecase/community_usecase.go:254.21,256.3 1 0
macaiki/internal/community/usecase/community_usecase.go:259.16,261.3 1 0
macaiki/internal/community/usecase/community_usecase.go:263.39,265.17 2 0
macaiki/internal/community/usecase/community_usecase.go:265.17,267.4 1 0
macaiki/internal/community/usecase/community_usecase.go:272.16,274.3 1 0
macaiki/internal/community/usecase/community_usecase.go:279.16,281.3 1 0
macaiki/internal/community/usecase/community_usecase.go:286.117,287.21 1 0
macaiki/internal/community/usecase/community_usecase.go:291.2,292.16 2 0
macaiki/internal/community/usecase/community_usecase.go:296.2,296.39 1 0
macaiki/internal/community/usecase/community_usecase.go:303.2,305.16 3 0
macaiki/internal/community/usecase/community_usecase.go:309.2,312.16 3 0
macaiki/internal/community/usecase/community_usecase.go:316.2,316.22 1 0
macaiki/internal/community/usecase/community_usecase.go:287.21,289.3 1 0
macaiki/internal/community/usecase/community_usecase.go:292.16,294.3 1 0
macaiki/internal/community/usecase/community_usecase.go:296.39,298.17 2 0
macaiki/internal/community/usecase/community_usecase.go:298.17,300.4 1 0
macaiki/internal/community/usecase/community_usecase.go:305.16,307.3 1 0
macaiki/internal/community/usecase/community_usecase.go:312.16,314.3 1 0
macaiki/internal/community/usecase/community_usecase.go:319.122,321.16 2 0
macaiki/internal/community/usecase/community_usecase.go:325.2,326.36 2 0
macaiki/internal/community/usecase/community_usecase.go:346.2,346.24 1 0
macaiki/internal/community/usecase/community_usecase.go:321.16,323.3 1 0
macaiki/internal/community/usecase/community_usecase.go:326.36,344.3 2 0
macaiki/internal/community/usecase/community_usecase.go:349.118,350.21 1 0
macaiki/internal/community/usecase/community_usecase.go:353.2,353.63 1 0
macaiki/internal/community/usecase/community_usecase.go:356.2,357.16 2 0
macaiki/internal/community/usecase/community_usecase.go:361.2,361.18 1 0
macaiki/internal/community/usecase/community_usecase.go:365.2,366.16 2 0
macaiki/internal/community/usecase/community_usecase.go:370.2,370.23 1 0
macaiki/internal/community/usecase/community_usecase.go:374.2,375.16 2 0
macaiki/internal/community/usecase/community_usecase.go:379.2,379.12 1 0
macaiki/internal/community/usecase/community_usecase.go:350.21,352.3 1 0
macaiki/internal/community/usecase/community_usecase.go:353.63,355.3 1 0
macaiki/internal/community/usecase/community_usecase.go:357.16,359.3 1 0
macaiki/internal/community/usecase/community_usecase.go:361.18,363.3 1 0
macaiki/internal/community/usecase/community_usecase.go:366.16,368.3 1 0
macaiki/internal/community/usecase/community_usecase.go:370.23,372.3 1 0
macaiki/internal/community/usecase/community_usecase.go:375.16,377.3 1 0
macaiki/internal/community/usecase/community_usecase.go:382.121,383.21 1 0
macaiki/internal/community/usecase/community_usecase.go:386.2,386.63 1 0
macaiki/internal/community/usecase/community_usecase.go:389.2,390.16 2 0
macaiki/internal/community/usecase/community_usecase.go:394.2,394.18 1 0
macaiki/internal/community/usecase/community_usecase.go:398.2,399.16 2 0
macaiki/internal/community/usecase/community_usecase.go:403.2,403.23 1 0
macaiki/internal/community/usecase/community_usecase.go:407.2,408.16 2 0
macaiki/internal/community/usecase/community_usecase.go:412.2,412.12 1 0
macaiki/internal/community/usecase/community_usecase.go:383.21,385.3 1 0
macaiki/internal/community/usecase/community_usecase.go:386.63,388.3 1 0
macaiki/internal/community/usecase/community_usecase.go:390.16,392.3 1 0
macaiki/internal/community/usecase/community_usecase.go:394.18,396.3 1 0
macaiki/internal/community/usecase/community_usecase.go:399.16,401.3 1 0
macaiki/internal/community/usecase/community_usecase.go:403.23,405.3 1 0
macaiki/internal/community/usecase/community_usecase.go:408.16,410.3 1 0
macaiki/internal/community/usecase/community_usecase.go:415.99,417.16 2 0
macaiki/internal/community/usecase/community_usecase.go:421.2,421.23 1 0
macaiki/internal/community/usecase/community_usecase.go:425.2,426.16 2 0
macaiki/internal/community/usecase/community_usecase.go:430.2,430.28 1 0
macaiki/internal/community/usecase/community_usecase.go:434.2,439.16 2 0
macaiki/internal/community/usecase/community_usecase.go:443.2,443.12 1 0
macaiki/internal/community/usecase/community_usecase.go:417.16,419.3 1 0
macaiki/internal/community/usecase/community_usecase.go:421.23,423.3 1 0
macaiki/internal/community/usecase/community_usecase.go:426.16,428.3 1 0
macaiki/internal/community/usecase/community_usecase.go:430.28,432.3 1 0
macaiki/internal/community/usecase/community_usecase.go:439.16,441.3 1 0
macaiki/internal/community/usecase/community_usecase.go:446.85,448.2 1 0
macaiki/internal/community/usecase/community_usecase.go:450.121,453.16 2 0
macaiki/internal/community/usecase/community_usecase.go:456.2,456.37 1 0
macaiki/internal/community/usecase/community_usecase.go:460.2,460.36 1 0
macaiki/internal/community/usecase/community_usecase.go:492.2,492.12 1 0
macaiki/internal/community/usecase/community_usecase.go:453.16,455.3 1 0
macaiki/internal/community/usecase/community_usecase.go:456.37,458.3 1 0
macaiki/internal/community/usecase/community_usecase.go:460.36,462.17 2 0
macaiki/internal/community/usecase/community_usecase.go:466.3,467.17 2 0
macaiki/internal/community/usecase/community_usecase.go:462.17,464.4 1 0
macaiki/internal/community/usecase/community_usecase.go:467.17,469.4 1 0
macaiki/internal/community/usecase/community_usecase.go:470.8,470.45 1 0
macaiki/internal/community/usecase/community_usecase.go:470.45,472.17 2 0
macaiki/internal/community/usecase/community_usecase.go:476.3,477.17 2 0
macaiki/internal/community/usecase/community_usecase.go:472.17,474.4 1 0
macaiki/internal/community/usecase/community_usecase.go:477.17,479.4 1 0
macaiki/internal/community/usecase/community_usecase.go:480.8,482.17 2 0
macaiki/internal/community/usecase/community_usecase.go:486.3,487.17 2 0
macaiki/internal/community/usecase/community_usecase.go:482.17,484.4 1 0
macaiki/internal/community/usecase/community_usecase.go:487.17,489.4 1 0
macaiki/internal/community/usecase/community_usecase.go:495.114,498.16 2 0
macaiki/internal/community/usecase/community_usecase.go:502.2,502.37 1 0
macaiki/internal/community/usecase/community_usecase.go:506.2,508.16 2 0
macaiki/internal/community/usecase/community_usecase.go:512.2,514.33 2 0
macaiki/internal/community/usecase/community_usecase.go:531.2,531.25 1 0
macaiki/internal/community/usecase/community_usecase.go:498.16,500.3 1 0
macaiki/internal/community/usecase/community_usecase.go:502.37,504.3 1 0
macaiki/internal/community/usecase/community_usecase.go:508.16,510.3 1 0
macaiki/internal/community/usecase/community_usecase.go:514.33,529.3 1 0
macaiki/internal/user/usecase/user_usecase.go:41.346,52.2 1 0
macaiki/internal/user/usecase/user_usecase.go:54.89,55.55 1 0
macaiki/internal/user/usecase/user_usecase.go:59.2,60.16 2 0
macaiki/internal/user/usecase/user_usecase.go:64.2,64.94 1 0
macaiki/internal/user/usecase/user_usecase.go:68.2,69.16 2 0
macaiki/internal/user/usecase/user_usecase.go:73.2,73.43 1 0
macaiki/internal/user/usecase/user_usecase.go:55.55,57.3 1 0
macaiki/internal/user/usecase/user_usecase.go:60.16,62.3 1 0
macaiki/internal/user/usecase/user_usecase.go:64.94,66.3 1 0
macaiki/internal/user/usecase/user_usecase.go:69.16,71.3 1 0
macaiki/internal/user/usecase/user_usecase.go:76.61,78.50 1 0
macaiki/internal/user/usecase/user_usecase.go:82.2,83.16 2 0
macaiki/internal/user/usecase/user_usecase.go:87.2,87.23 1 0
macaiki/internal/user/usecase/user_usecase.go:91.2,92.16 2 0
macaiki/internal/user/usecase/user_usecase.go:96.2,96.26 1 0
macaiki/internal/user/usecase/user_usecase.go:100.2,100.48 1 0
macaiki/internal/user/usecase/user_usecase.go:104.2,114.16 3 0
macaiki/internal/user/usecase/user_usecase.go:118.2,118.12 1 0
macaiki/internal/user/usecase/user_usecase.go:78.50,80.3 1 0
macaiki/internal/user/usecase/user_usecase.go:83.16,85.3 1 0
macaiki/internal/user/usecase/user_usecase.go:87.23,89.3 1 0
macaiki/internal/user/usecase/user_usecase.go:92.16,94.3 1 0
macaiki/internal/user/usecase/user_usecase.go:96.26,98.3 1 0
macaiki/internal/user/usecase/user_usecase.go:100.48,102.3 1 0
macaiki/internal/user/usecase/user_usecase.go:114.16,116.3 1 0
macaiki/internal/user/usecase/user_usecase.go:121.87,123.16 2 0
macaiki/internal/user/usecase/user_usecase.go:127.2,127.56 1 0
macaiki/internal/user/usecase/user_usecase.go:123.16,125.3 1 0
[...]
macaiki/internal/community/usecase/community_usecase.go:466.3,467.17 2 0
macaiki/internal/community/usecase/community_usecase.go:462.17,464.4 1 0
macaiki/internal/community/usecase/community_usecase.go:467.17,469.4 1 0
macaiki/internal/community/usecase/community_usecase.go:470.8,470.45 1 0
macaiki/internal/community/usecase/community_usecase.go:470.45,472.17 2 0
macaiki/internal/community/usecase/community_usecase.go:476.3,477.17 2 0
macaiki/internal/community/usecase/community_usecase.go:472.17,474.4 1 0
macaiki/internal/community/usecase/community_usecase.go:477.17,479.4 1 0
macaiki/internal/community/usecase/community_usecase.go:480.8,482.17 2 0
macaiki/internal/community/usecase/community_usecase.go:486.3,487.17 2 0
macaiki/internal/community/usecase/community_usecase.go:482.17,484.4 1 0
macaiki/internal/community/usecase/community_usecase.go:487.17,489.4 1 0
macaiki/internal/community/usecase/community_usecase.go:495.114,498.16 2 0
macaiki/internal/community/usecase/community_usecase.go:502.2,502.37 1 0
macaiki/internal/community/usecase/community_usecase.go:506.2,508.16 2 0
macaiki/internal/community/usecase/community_usecase.go:512.2,514.33 2 0
macaiki/internal/community/usecase/community_usecase.go:531.2,531.25 1 0
macaiki/internal/community/usecase/community_usecase.go:498.16,500.3 1 0
macaiki/internal/community/usecase/community_usecase.go:502.37,504.3 1 0
macaiki/internal/community/usecase/community_usecase.go:508.16,510.3 1 0
macaiki/internal/community/usecase/community_usecase.go:514.33,529.3 1 0
macaiki/internal/notification/delivery/http/notification_hander.go:19.108,25.2 5 0
macaiki/internal/notification/delivery/http/notification_hander.go:27.84,30.16 3 0
macaiki/internal/notification/delivery/http/notification_hander.go:34.2,34.51 1 0
macaiki/internal/notification/delivery/http/notification_hander.go:30.16,32.3 1 0
macaiki/internal/notification/delivery/http/notification_hander.go:37.85,40.16 3 0
macaiki/internal/notification/delivery/http/notification_hander.go:44.2,44.47 1 0
macaiki/internal/notification/delivery/http/notification_hander.go:40.16,42.3 1 0
macaiki/internal/notification/delivery/http/notification_hander.go:47.87,50.16 3 0
macaiki/internal/notification/delivery/http/notification_hander.go:54.2,54.47 1 0
macaiki/internal/notification/delivery/http/notification_hander.go:50.16,52.3 1 0
macaiki/internal/notification/delivery/http/notification_hander.go:57.81,60.16 3 0
macaiki/internal/notification/delivery/http/notification_hander.go:63.2,64.16 2 0
macaiki/internal/notification/delivery/http/notification_hander.go:68.2,68.47 1 0
macaiki/internal/notification/delivery/http/notification_hander.go:60.16,62.3 1 0
macaiki/internal/notification/delivery/http/notification_hander.go:64.16,66.3 1 0
macaiki/internal/community/repository/mysql/community_repository.go:20.72,22.2 1 0
macaiki/internal/community/repository/mysql/community_repository.go:24.119,29.16 4 0
macaiki/internal/community/repository/mysql/community_repository.go:33.2,33.25 1 0
macaiki/internal/community/repository/mysql/community_repository.go:29.16,31.3 1 0
macaiki/internal/community/repository/mysql/community_repository.go:36.120,42.16 4 0
macaiki/internal/community/repository/mysql/community_repository.go:46.2,46.23 1 0
macaiki/internal/community/repository/mysql/community_repository.go:42.16,44.3 1 0
macaiki/internal/community/repository/mysql/community_repository.go:49.93,55.16 4 0
macaiki/internal/community/repository/mysql/community_repository.go:59.2,59.23 1 0
macaiki/internal/community/repository/mysql/community_repository.go:55.16,57.3 1 0
macaiki/internal/community/repository/mysql/community_repository.go:62.123,66.16 4 0
macaiki/internal/community/repository/mysql/community_repository.go:70.2,70.21 1 0
macaiki/internal/community/repository/mysql/community_repository.go:66.16,68.3 1 0
macaiki/internal/community/repository/mysql/community_repository.go:73.115,79.16 4 0
macaiki/internal/community/repository/mysql/community_repository.go:83.2,83.23 1 0
macaiki/internal/community/repository/mysql/community_repository.go:79.16,81.3 1 0
macaiki/internal/community/repository/mysql/community_repository.go:86.94,89.16 3 0
macaiki/internal/community/repository/mysql/community_repository.go:93.2,93.12 1 0
macaiki/internal/community/repository/mysql/community_repository.go:89.16,91.3 1 0
macaiki/internal/community/repository/mysql/community_repository.go:96.164,100.16 3 0
macaiki/internal/community/repository/mysql/community_repository.go:104.2,104.23 1 0
macaiki/internal/community/repository/mysql/community_repository.go:100.16,102.3 1 0
macaiki/internal/community/repository/mysql/community_repository.go:107.76,110.16 3 0
macaiki/internal/community/repository/mysql/community_repository.go:113.2,113.12 1 0
macaiki/internal/community/repository/mysql/community_repository.go:110.16,112.3 1 0
macaiki/internal/community/repository/mysql/community_repository.go:115.117,117.16 2 0
macaiki/internal/community/repository/mysql/community_repository.go:121.2,121.12 1 0
macaiki/internal/community/repository/mysql/community_repository.go:117.16,119.3 1 0
macaiki/internal/community/repository/mysql/community_repository.go:124.119,126.16 2 0
macaiki/internal/community/repository/mysql/community_repository.go:130.2,130.12 1 0
macaiki/internal/community/repository/mysql/community_repository.go:126.16,128.3 1 0
macaiki/internal/community/repository/mysql/community_repository.go:133.104,136.22 2 0
macaiki/internal/community/repository/mysql/community_repository.go:140.2,140.26 1 0
macaiki/internal/community/repository/mysql/community_repository.go:144.2,144.12 1 0
macaiki/internal/community/repository/mysql/community_repository.go:136.22,138.3 1 0
macaiki/internal/community/repository/mysql/community_repository.go:140.26,142.3 1 0
macaiki/internal/community/repository/mysql/community_repository.go:147.114,149.16 2 0
macaiki/internal/community/repository/mysql/community_repository.go:153.2,153.12 1 0
macaiki/internal/community/repository/mysql/community_repository.go:149.16,151.3 1 0
macaiki/internal/community/repository/mysql/community_repository.go:156.117,158.16 2 0
macaiki/internal/community/repository/mysql/community_repository.go:162.2,162.12 1 0
macaiki/internal/community/repository/mysql/community_repository.go:158.16,160.3 1 0
macaiki/internal/community/repository/mysql/community_repository.go:165.115,170.16 4 0
macaiki/internal/community/repository/mysql/community_repository.go:174.2,174.19 1 0
macaiki/internal/community/repository/mysql/community_repository.go:170.16,172.3 1 0
macaiki/internal/community/repository/mysql/community_repository.go:177.112,180.16 3 0
macaiki/internal/community/repository/mysql/community_repository.go:184.2,184.12 1 0
macaiki/internal/community/repository/mysql/community_repository.go:180.16,182.3 1 0
macaiki/internal/community/repository/mysql/community_repository.go:187.126,190.16 3 0
macaiki/internal/community/repository/mysql/community_repository.go:194.2,194.12 1 0
macaiki/internal/community/repository/mysql/community_repository.go:190.16,192.3 1 0
macaiki/internal/community/repository/mysql/community_repository.go:197.105,201.16 4 0
macaiki/internal/community/repository/mysql/community_repository.go:205.2,205.23 1 0
macaiki/internal/community/repository/mysql/community_repository.go:201.16,203.3 1 0
macaiki/internal/community/repository/mysql/community_repository.go:208.104,213.22 3 0
macaiki/internal/community/repository/mysql/community_repository.go:217.2,217.21 1 0
macaiki/internal/community/repository/mysql/community_repository.go:213.22,215.3 1 0
macaiki/internal/community/repository/mysql/community_repository.go:220.127,225.22 3 0
macaiki/internal/community/repository/mysql/community_repository.go:233.2,233.27 1 0
macaiki/internal/community/repository/mysql/community_repository.go:225.22,227.46 2 0
macaiki/internal/community/repository/mysql/community_repository.go:230.3,230.76 1 0
macaiki/internal/community/repository/mysql/community_repository.go:227.46,229.4 1 0
macaiki/internal/report_category/usecase/report_category_usecase.go:17.147,19.2 1 0
macaiki/internal/report_category/usecase/report_category_usecase.go:21.121,22.21 1 0
macaiki/internal/report_category/usecase/report_category_usecase.go:26.2,26.61 1 0
macaiki/internal/report_category/usecase/report_category_usecase.go:30.2,35.16 3 0
macaiki/internal/report_category/usecase/report_category_usecase.go:39.2,39.12 1 0
macaiki/internal/report_category/usecase/report_category_usecase.go:22.21,24.3 1 0
macaiki/internal/report_category/usecase/report_category_usecase.go:26.61,28.3 1 0
macaiki/internal/report_category/usecase/report_category_usecase.go:35.16,37.3 1 0
macaiki/internal/report_category/usecase/report_category_usecase.go:42.100,44.16 2 0
macaiki/internal/report_category/usecase/report_category_usecase.go:48.2,49.39 2 0
macaiki/internal/report_category/usecase/report_category_usecase.go:53.2,53.33 1 0
macaiki/internal/report_category/usecase/report_category_usecase.go:44.16,46.3 1 0
macaiki/internal/report_category/usecase/report_category_usecase.go:49.39,51.3 1 0
macaiki/internal/report_category/usecase/report_category_usecase.go:56.102,58.16 2 0
macaiki/internal/report_category/usecase/report_category_usecase.go:61.2,61.28 1 0
macaiki/internal/report_category/usecase/report_category_usecase.go:65.2,65.90 1 0
macaiki/internal/report_category/usecase/report_category_usecase.go:58.16,60.3 1 0
macaiki/internal/report_category/usecase/report_category_usecase.go:61.28,63.3 1 0
macaiki/internal/report_category/usecase/report_category_usecase.go:68.130,69.21 1 0
macaiki/internal/report_category/usecase/report_category_usecase.go:73.2,73.61 1 0
macaiki/internal/report_category/usecase/report_category_usecase.go:77.2,78.16 2 0
macaiki/internal/report_category/usecase/report_category_usecase.go:81.2,81.30 1 0
macaiki/internal/report_category/usecase/report_category_usecase.go:85.2,87.16 3 0
macaiki/internal/report_category/usecase/report_category_usecase.go:91.2,91.12 1 0
macaiki/internal/report_category/usecase/report_category_usecase.go:69.21,71.3 1 0
macaiki/internal/report_category/usecase/report_category_usecase.go:73.61,75.3 1 0
macaiki/internal/report_category/usecase/report_category_usecase.go:78.16,80.3 1 0
macaiki/internal/report_category/usecase/report_category_usecase.go:81.30,83.3 1 0
macaiki/internal/report_category/usecase/report_category_usecase.go:87.16,89.3 1 0
macaiki/internal/report_category/usecase/report_category_usecase.go:94.88,95.21 1 0
macaiki/internal/report_category/usecase/report_category_usecase.go:99.2,100.16 2 0
macaiki/internal/report_category/usecase/report_category_usecase.go:103.2,103.28 1 0
macaiki/internal/report_category/usecase/report_category_usecase.go:107.2,108.16 2 0
macaiki/internal/report_category/usecase/report_category_usecase.go:112.2,112.12 1 0
macaiki/internal/report_category/usecase/report_category_usecase.go:95.21,97.3 1 0
macaiki/internal/report_category/usecase/report_category_usecase.go:100.16,102.3 1 0
macaiki/internal/report_category/usecase/report_category_usecase.go:103.28,105.3 1 0
macaiki/internal/report_category/usecase/report_category_usecase.go:108.16,110.3 1 0
macaiki/pkg/middleware/middleware.go:18.69,19.36 1 0
macaiki/pkg/middleware/middleware.go:19.36,22.3 2 0
macaiki/pkg/middleware/middleware.go:25.62,27.16 2 0
macaiki/pkg/middleware/middleware.go:31.2,38.53 7 0
macaiki/pkg/middleware/middleware.go:27.16,29.3 1 0
macaiki/pkg/middleware/middleware.go:41.53,43.16 2 0
macaiki/pkg/middleware/middleware.go:49.2,49.14 1 0
macaiki/pkg/middleware/middleware.go:43.16,48.3 4 0
macaiki/pkg/middleware/middleware.go:53.37,55.2 1 0
macaiki/internal/user/repository/mysql/mysql_user.go:19.62,21.2 1 0
macaiki/internal/user/repository/mysql/mysql_user.go:23.100,28.16 4 0
macaiki/internal/user/repository/mysql/mysql_user.go:32.2,32.19 1 0
macaiki/internal/user/repository/mysql/mysql_user.go:28.16,30.3 1 0
macaiki/internal/user/repository/mysql/mysql_user.go:35.62,38.16 3 0
macaiki/internal/user/repository/mysql/mysql_user.go:42.2,42.12 1 0
macaiki/internal/user/repository/mysql/mysql_user.go:38.16,40.3 1 0
macaiki/internal/user/repository/mysql/mysql_user.go:45.66,51.16 4 0
macaiki/internal/user/repository/mysql/mysql_user.go:55.2,55.18 1 0
macaiki/internal/user/repository/mysql/mysql_user.go:51.16,53.3 1 0
macaiki/internal/user/repository/mysql/mysql_user.go:58.99,59.25 1 0
macaiki/internal/user/repository/mysql/mysql_user.go:62.2,66.16 4 0
macaiki/internal/user/repository/mysql/mysql_user.go:70.2,70.18 1 0
macaiki/internal/user/repository/mysql/mysql_user.go:59.25,61.3 1 0
macaiki/internal/user/repository/mysql/mysql_user.go:66.16,68.3 1 0
macaiki/internal/user/repository/mysql/mysql_user.go:73.54,75.16 2 0
macaiki/internal/user/repository/mysql/mysql_user.go:79.2,81.16 3 0
macaiki/internal/user/repository/mysql/mysql_user.go:84.2,84.12 1 0
macaiki/internal/user/repository/mysql/mysql_user.go:75.16,77.3 1 0
macaiki/internal/user/repository/mysql/mysql_user.go:81.16,83.3 1 0
macaiki/internal/user/repository/mysql/mysql_user.go:87.78,92.16 4 0
macaiki/internal/user/repository/mysql/mysql_user.go:96.2,96.18 1 0
macaiki/internal/user/repository/mysql/mysql_user.go:92.16,94.3 1 0
macaiki/internal/user/repository/mysql/mysql_user.go:99.84,104.16 4 0
macaiki/internal/user/repository/mysql/mysql_user.go:108.2,108.18 1 0
macaiki/internal/user/repository/mysql/mysql_user.go:104.16,106.3 1 0
macaiki/internal/user/repository/mysql/mysql_user.go:111.92,113.16 2 0
macaiki/internal/user/repository/mysql/mysql_user.go:117.2,117.18 1 0
macaiki/internal/user/repository/mysql/mysql_user.go:113.16,115.3 1 0
macaiki/internal/user/repository/mysql/mysql_user.go:120.94,122.16 2 0
macaiki/internal/user/repository/mysql/mysql_user.go:126.2,126.18 1 0
macaiki/internal/user/repository/mysql/mysql_user.go:122.16,124.3 1 0
macaiki/internal/user/repository/mysql/mysql_user.go:129.72,133.16 4 0
macaiki/internal/user/repository/mysql/mysql_user.go:136.2,136.24 1 0
macaiki/internal/user/repository/mysql/mysql_user.go:133.16,135.3 1 0
macaiki/internal/user/repository/mysql/mysql_user.go:139.73,143.16 4 0
macaiki/internal/user/repository/mysql/mysql_user.go:146.2,146.24 1 0
macaiki/internal/user/repository/mysql/mysql_user.go:143.16,145.3 1 0
macaiki/internal/user/repository/mysql/mysql_user.go:149.71,153.16 4 0
macaiki/internal/user/repository/mysql/mysql_user.go:156.2,156.24 1 0
macaiki/internal/user/repository/mysql/mysql_user.go:153.16,155.3 1 0
macaiki/internal/user/repository/mysql/mysql_user.go:159.100,165.16 4 0
macaiki/internal/user/repository/mysql/mysql_user.go:169.2,169.19 1 0
macaiki/internal/user/repository/mysql/mysql_user.go:165.16,167.3 1 0
macaiki/internal/user/repository/mysql/mysql_user.go:172.101,177.16 4 0
macaiki/internal/user/repository/mysql/mysql_user.go:181.2,181.19 1 0
macaiki/internal/user/repository/mysql/mysql_user.go:177.16,179.3 1 0
macaiki/internal/user/repository/mysql/mysql_user.go:184.95,187.22 2 0
macaiki/internal/user/repository/mysql/mysql_user.go:191.2,191.26 1 0
macaiki/internal/user/repository/mysql/mysql_user.go:195.2,195.12 1 0
macaiki/internal/user/repository/mysql/mysql_user.go:187.22,189.3 1 0
macaiki/internal/user/repository/mysql/mysql_user.go:191.26,193.3 1 0
macaiki/internal/user/repository/mysql/mysql_user.go:198.80,201.16 3 0
macaiki/internal/user/repository/mysql/mysql_user.go:205.2,205.12 1 0
macaiki/internal/user/repository/mysql/mysql_user.go:201.16,203.3 1 0
macaiki/internal/user/repository/mysql/mysql_user.go:208.85,211.16 3 0
macaiki/internal/user/repository/mysql/mysql_user.go:215.2,215.12 1 0
macaiki/internal/user/repository/mysql/mysql_user.go:211.16,213.3 1 0
macaiki/internal/user/repository/mysql/mysql_user.go:218.87,222.16 4 0
macaiki/internal/user/repository/mysql/mysql_user.go:226.2,226.25 1 0
macaiki/internal/user/repository/mysql/mysql_user.go:222.16,224.3 1 0
macaiki/internal/user/repository/mysql/mysql_user.go:229.75,233.22 3 0
macaiki/internal/user/repository/mysql/mysql_user.go:237.2,237.21 1 0
macaiki/internal/user/repository/mysql/mysql_user.go:233.22,235.3 1 0
macaiki/internal/user/repository/mysql/mysql_user.go:240.96,245.22 3 0
macaiki/internal/user/repository/mysql/mysql_user.go:249.2,249.28 1 0
macaiki/internal/user/repository/mysql/mysql_user.go:245.22,247.3 1 0
macaiki/internal/user/repository/mysql/mysql_user.go:252.102,258.22 3 0
macaiki/internal/user/repository/mysql/mysql_user.go:262.2,262.49 1 0
macaiki/internal/user/repository/mysql/mysql_user.go:266.2,266.28 1 0
macaiki/internal/user/repository/mysql/mysql_user.go:258.22,260.3 1 0
macaiki/internal/user/repository/mysql/mysql_user.go:262.49,264.3 1 0
macaiki/internal/user/repository/mysql/mysql_user.go:269.111,274.22 3 0
macaiki/internal/user/repository/mysql/mysql_user.go:278.2,278.55 1 0
macaiki/internal/user/repository/mysql/mysql_user.go:282.2,282.31 1 0
macaiki/internal/user/repository/mysql/mysql_user.go:274.22,276.3 1 0
macaiki/internal/user/repository/mysql/mysql_user.go:278.55,280.3 1 0
macaiki/internal/user/repository/mysql/mysql_user.go:285.105,290.22 3 0
macaiki/internal/user/repository/mysql/mysql_user.go:294.2,294.51 1 0
macaiki/internal/user/repository/mysql/mysql_user.go:298.2,298.29 1 0
macaiki/internal/user/repository/mysql/mysql_user.go:290.22,292.3 1 0
macaiki/internal/user/repository/mysql/mysql_user.go:294.51,296.3 1 0
macaiki/internal/user/repository/mysql/mysql_user.go:301.96,306.22 3 0
macaiki/internal/user/repository/mysql/mysql_user.go:310.2,310.45 1 0
macaiki/internal/user/repository/mysql/mysql_user.go:314.2,314.26 1 0
macaiki/internal/user/repository/mysql/mysql_user.go:306.22,308.3 1 0
macaiki/internal/user/repository/mysql/mysql_user.go:310.45,312.3 1 0
macaiki/internal/user/repository/mysql/mysql_user.go:317.74,320.22 2 0
macaiki/internal/user/repository/mysql/mysql_user.go:324.2,324.26 1 0
macaiki/internal/user/repository/mysql/mysql_user.go:328.2,328.12 1 0
macaiki/internal/user/repository/mysql/mysql_user.go:320.22,322.3 1 0
macaiki/internal/user/repository/mysql/mysql_user.go:324.26,326.3 1 0
macaiki/internal/user/repository/mysql/mysql_user.go:331.78,334.22 2 0
macaiki/internal/user/repository/mysql/mysql_user.go:338.2,338.26 1 0
macaiki/internal/user/repository/mysql/mysql_user.go:342.2,342.12 1 0
macaiki/internal/user/repository/mysql/mysql_user.go:334.22,336.3 1 0
macaiki/internal/user/repository/mysql/mysql_user.go:338.26,340.3 1 0
macaiki/internal/user/repository/mysql/mysql_user.go:345.84,348.22 2 0
macaiki/internal/user/repository/mysql/mysql_user.go:352.2,352.26 1 0
macaiki/internal/user/repository/mysql/mysql_user.go:356.2,356.12 1 0
macaiki/internal/user/repository/mysql/mysql_user.go:348.22,350.3 1 0
macaiki/internal/user/repository/mysql/mysql_user.go:352.26,354.3 1 0
macaiki/internal/user/repository/mysql/mysql_user.go:359.80,362.22 2 0
macaiki/internal/user/repository/mysql/mysql_user.go:366.2,366.26 1 0
macaiki/internal/user/repository/mysql/mysql_user.go:370.2,370.12 1 0
macaiki/internal/user/repository/mysql/mysql_user.go:362.22,364.3 1 0
macaiki/internal/user/repository/mysql/mysql_user.go:366.26,368.3 1 0
macaiki/internal/user/repository/mysql/mysql_user.go:373.88,378.22 3 0
macaiki/internal/user/repository/mysql/mysql_user.go:386.2,386.24 1 0
macaiki/internal/user/repository/mysql/mysql_user.go:378.22,380.46 2 0
macaiki/internal/user/repository/mysql/mysql_user.go:383.3,383.59 1 0
macaiki/internal/user/repository/mysql/mysql_user.go:380.46,382.4 1 0
macaiki/internal/user/delivery/http/helper/helper.go:9.66,18.2 1 0
macaiki/internal/user/delivery/http/helper/helper.go:20.78,26.2 1 0
macaiki/internal/user/delivery/http/helper/helper.go:28.124,43.2 1 0
macaiki/internal/user/delivery/http/helper/helper.go:45.75,48.28 2 0
macaiki/internal/user/delivery/http/helper/helper.go:52.2,52.22 1 0
macaiki/internal/user/delivery/http/helper/helper.go:48.28,50.3 1 0
macaiki/internal/user/delivery/http/helper/helper.go:55.54,59.2 1 0
